2021-03-12 10:55:56 startup archives unpack
2021-03-12 10:55:56 install libssl1.1:amd64 <none> 1.1.1d-0+deb10u5
2021-03-12 10:55:56 status triggers-pending libc-bin:amd64 2.28-10
2021-03-12 10:55:56 status half-installed libssl1.1:amd64 1.1.1d-0+deb10u5
2021-03-12 10:55:56 status unpacked libssl1.1:amd64 1.1.1d-0+deb10u5
2021-03-12 10:55:56 install libsasl2-modules-db:amd64 <none> 2.1.27+dfsg-1+deb10u1
2021-03-12 10:55:56 status half-installed libsasl2-modules-db:amd64 2.1.27+dfsg-1+deb10u1
2021-03-12 10:55:56 status unpacked libsasl2-modules-db:amd64 2.1.27+dfsg-1+deb10u1
2021-03-12 10:55:56 install libsasl2-2:amd64 <none> 2.1.27+dfsg-1+deb10u1
2021-03-12 10:55:56 status half-installed libsasl2-2:amd64 2.1.27+dfsg-1+deb10u1
2021-03-12 10:55:56 status unpacked libsasl2-2:amd64 2.1.27+dfsg-1+deb10u1
2021-03-12 10:55:56 install libldap-common:all <none> 2.4.47+dfsg-3+deb10u6
2021-03-12 10:55:56 status half-installed libldap-common:all 2.4.47+dfsg-3+deb10u6
2021-03-12 10:55:56 status unpacked libldap-common:all 2.4.47+dfsg-3+deb10u6
2021-03-12 10:55:57 install libldap-2.4-2:amd64 <none> 2.4.47+dfsg-3+deb10u6
2021-03-12 10:55:57 status half-installed libldap-2.4-2:amd64 2.4.47+dfsg-3+deb10u6
2021-03-12 10:55:57 status unpacked libldap-2.4-2:amd64 2.4.47+dfsg-3+deb10u6
2021-03-12 10:55:57 install libapr1:amd64 <none> 1.6.5-1+b1
2021-03-12 10:55:57 status half-installed libapr1:amd64 1.6.5-1+b1
2021-03-12 10:55:57 status unpacked libapr1:amd64 1.6.5-1+b1
2021-03-12 10:55:57 install libexpat1:amd64 <none> 2.2.6-2+deb10u1
2021-03-12 10:55:57 status half-installed libexpat1:amd64 2.2.6-2+deb10u1
2021-03-12 10:55:57 status unpacked libexpat1:amd64 2.2.6-2+deb10u1
2021-03-12 10:55:57 install libgdbm6:amd64 <none> 1.18.1-4
2021-03-12 10:55:57 status half-installed libgdbm6:amd64 1.18.1-4
2021-03-12 10:55:57 status unpacked libgdbm6:amd64 1.18.1-4
2021-03-12 10:55:57 install libaprutil1:amd64 <none> 1.6.1-4
2021-03-12 10:55:57 status half-installed libaprutil1:amd64 1.6.1-4
2021-03-12 10:55:57 status unpacked libaprutil1:amd64 1.6.1-4
2021-03-12 10:55:57 install libaprutil1-ldap:amd64 <none> 1.6.1-4
2021-03-12 10:55:57 status half-installed libaprutil1-ldap:amd64 1.6.1-4
2021-03-12 10:55:57 status unpacked libaprutil1-ldap:amd64 1.6.1-4
2021-03-12 10:55:57 startup packages configure
2021-03-12 10:55:57 configure libexpat1:amd64 2.2.6-2+deb10u1 <none>
2021-03-12 10:55:57 status unpacked libexpat1:amd64 2.2.6-2+deb10u1
2021-03-12 10:55:57 status half-configured libexpat1:amd64 2.2.6-2+deb10u1
2021-03-12 10:55:57 status installed libexpat1:amd64 2.2.6-2+deb10u1
2021-03-12 10:55:57 configure libssl1.1:amd64 1.1.1d-0+deb10u5 <none>
2021-03-12 10:55:57 status unpacked libssl1.1:amd64 1.1.1d-0+deb10u5
2021-03-12 10:55:57 status half-configured libssl1.1:amd64 1.1.1d-0+deb10u5
2021-03-12 10:55:57 status installed libssl1.1:amd64 1.1.1d-0+deb10u5
2021-03-12 10:55:57 configure libapr1:amd64 1.6.5-1+b1 <none>
2021-03-12 10:55:57 status unpacked libapr1:amd64 1.6.5-1+b1
2021-03-12 10:55:57 status half-configured libapr1:amd64 1.6.5-1+b1
2021-03-12 10:55:57 status installed libapr1:amd64 1.6.5-1+b1
2021-03-12 10:55:57 configure libldap-common:all 2.4.47+dfsg-3+deb10u6 <none>
2021-03-12 10:55:57 status unpacked libldap-common:all 2.4.47+dfsg-3+deb10u6
2021-03-12 10:55:57 status half-configured libldap-common:all 2.4.47+dfsg-3+deb10u6
2021-03-12 10:55:57 status installed libldap-common:all 2.4.47+dfsg-3+deb10u6
2021-03-12 10:55:57 configure libsasl2-modules-db:amd64 2.1.27+dfsg-1+deb10u1 <none>
2021-03-12 10:55:57 status unpacked libsasl2-modules-db:amd64 2.1.27+dfsg-1+deb10u1
2021-03-12 10:55:57 status half-configured libsasl2-modules-db:amd64 2.1.27+dfsg-1+deb10u1
2021-03-12 10:55:57 status installed libsasl2-modules-db:amd64 2.1.27+dfsg-1+deb10u1
2021-03-12 10:55:57 configure libsasl2-2:amd64 2.1.27+dfsg-1+deb10u1 <none>
2021-03-12 10:55:57 status unpacked libsasl2-2:amd64 2.1.27+dfsg-1+deb10u1
2021-03-12 10:55:57 status half-configured libsasl2-2:amd64 2.1.27+dfsg-1+deb10u1
2021-03-12 10:55:57 status installed libsasl2-2:amd64 2.1.27+dfsg-1+deb10u1
2021-03-12 10:55:57 configure libgdbm6:amd64 1.18.1-4 <none>
2021-03-12 10:55:57 status unpacked libgdbm6:amd64 1.18.1-4
2021-03-12 10:55:57 status half-configured libgdbm6:amd64 1.18.1-4
2021-03-12 10:55:57 status installed libgdbm6:amd64 1.18.1-4
2021-03-12 10:55:57 configure libaprutil1:amd64 1.6.1-4 <none>
2021-03-12 10:55:57 status unpacked libaprutil1:amd64 1.6.1-4
2021-03-12 10:55:57 status half-configured libaprutil1:amd64 1.6.1-4
2021-03-12 10:55:57 status installed libaprutil1:amd64 1.6.1-4
2021-03-12 10:55:57 configure libldap-2.4-2:amd64 2.4.47+dfsg-3+deb10u6 <none>
2021-03-12 10:55:57 status unpacked libldap-2.4-2:amd64 2.4.47+dfsg-3+deb10u6
2021-03-12 10:55:57 status half-configured libldap-2.4-2:amd64 2.4.47+dfsg-3+deb10u6
2021-03-12 10:55:57 status installed libldap-2.4-2:amd64 2.4.47+dfsg-3+deb10u6
2021-03-12 10:55:57 configure libaprutil1-ldap:amd64 1.6.1-4 <none>
2021-03-12 10:55:57 status unpacked libaprutil1-ldap:amd64 1.6.1-4
2021-03-12 10:55:57 status half-configured libaprutil1-ldap:amd64 1.6.1-4
2021-03-12 10:55:57 status installed libaprutil1-ldap:amd64 1.6.1-4
2021-03-12 10:55:57 trigproc libc-bin:amd64 2.28-10 <none>
2021-03-12 10:55:57 status half-configured libc-bin:amd64 2.28-10
2021-03-12 10:55:57 status installed libc-bin:amd64 2.28-10
2021-03-12 10:56:07 startup archives unpack
2021-03-12 10:56:07 install perl-modules-5.28:all <none> 5.28.1-6+deb10u1
2021-03-12 10:56:07 status half-installed perl-modules-5.28:all 5.28.1-6+deb10u1
2021-03-12 10:56:08 status unpacked perl-modules-5.28:all 5.28.1-6+deb10u1
2021-03-12 10:56:08 install libgdbm-compat4:amd64 <none> 1.18.1-4
2021-03-12 10:56:08 status triggers-pending libc-bin:amd64 2.28-10
2021-03-12 10:56:08 status half-installed libgdbm-compat4:amd64 1.18.1-4
2021-03-12 10:56:08 status unpacked libgdbm-compat4:amd64 1.18.1-4
2021-03-12 10:56:08 install libperl5.28:amd64 <none> 5.28.1-6+deb10u1
2021-03-12 10:56:08 status half-installed libperl5.28:amd64 5.28.1-6+deb10u1
2021-03-12 10:56:08 status unpacked libperl5.28:amd64 5.28.1-6+deb10u1
2021-03-12 10:56:08 install perl:amd64 <none> 5.28.1-6+deb10u1
2021-03-12 10:56:08 status half-installed perl:amd64 5.28.1-6+deb10u1
2021-03-12 10:56:08 status unpacked perl:amd64 5.28.1-6+deb10u1
2021-03-12 10:56:08 install readline-common:all <none> 7.0-5
2021-03-12 10:56:08 status half-installed readline-common:all 7.0-5
2021-03-12 10:56:08 status unpacked readline-common:all 7.0-5
2021-03-12 10:56:08 install bzip2:amd64 <none> 1.0.6-9.2~deb10u1
2021-03-12 10:56:08 status half-installed bzip2:amd64 1.0.6-9.2~deb10u1
2021-03-12 10:56:08 status unpacked bzip2:amd64 1.0.6-9.2~deb10u1
2021-03-12 10:56:08 install libpcre2-8-0:amd64 <none> 10.32-5
2021-03-12 10:56:08 status half-installed libpcre2-8-0:amd64 10.32-5
2021-03-12 10:56:08 status unpacked libpcre2-8-0:amd64 10.32-5
2021-03-12 10:56:08 install libpsl5:amd64 <none> 0.20.2-2
2021-03-12 10:56:08 status half-installed libpsl5:amd64 0.20.2-2
2021-03-12 10:56:08 status unpacked libpsl5:amd64 0.20.2-2
2021-03-12 10:56:08 install wget:amd64 <none> 1.20.1-1.1
2021-03-12 10:56:08 status half-installed wget:amd64 1.20.1-1.1
2021-03-12 10:56:08 status unpacked wget:amd64 1.20.1-1.1
2021-03-12 10:56:08 install xz-utils:amd64 <none> 5.2.4-1
2021-03-12 10:56:08 status half-installed xz-utils:amd64 5.2.4-1
2021-03-12 10:56:08 status unpacked xz-utils:amd64 5.2.4-1
2021-03-12 10:56:08 install binutils-common:amd64 <none> 2.31.1-16
2021-03-12 10:56:08 status half-installed binutils-common:amd64 2.31.1-16
2021-03-12 10:56:09 status unpacked binutils-common:amd64 2.31.1-16
2021-03-12 10:56:09 install libbinutils:amd64 <none> 2.31.1-16
2021-03-12 10:56:09 status half-installed libbinutils:amd64 2.31.1-16
2021-03-12 10:56:09 status unpacked libbinutils:amd64 2.31.1-16
2021-03-12 10:56:09 install binutils-x86-64-linux-gnu:amd64 <none> 2.31.1-16
2021-03-12 10:56:09 status half-installed binutils-x86-64-linux-gnu:amd64 2.31.1-16
2021-03-12 10:56:09 status unpacked binutils-x86-64-linux-gnu:amd64 2.31.1-16
2021-03-12 10:56:09 install binutils:amd64 <none> 2.31.1-16
2021-03-12 10:56:09 status half-installed binutils:amd64 2.31.1-16
2021-03-12 10:56:09 status unpacked binutils:amd64 2.31.1-16
2021-03-12 10:56:09 install openssl:amd64 <none> 1.1.1d-0+deb10u5
2021-03-12 10:56:09 status half-installed openssl:amd64 1.1.1d-0+deb10u5
2021-03-12 10:56:09 status unpacked openssl:amd64 1.1.1d-0+deb10u5
2021-03-12 10:56:09 install ca-certificates:all <none> 20200601~deb10u2
2021-03-12 10:56:09 status half-installed ca-certificates:all 20200601~deb10u2
2021-03-12 10:56:09 status unpacked ca-certificates:all 20200601~deb10u2
2021-03-12 10:56:09 install libisl19:amd64 <none> 0.20-2
2021-03-12 10:56:09 status half-installed libisl19:amd64 0.20-2
2021-03-12 10:56:09 status unpacked libisl19:amd64 0.20-2
2021-03-12 10:56:09 install libmpfr6:amd64 <none> 4.0.2-1
2021-03-12 10:56:09 status half-installed libmpfr6:amd64 4.0.2-1
2021-03-12 10:56:09 status unpacked libmpfr6:amd64 4.0.2-1
2021-03-12 10:56:09 install libmpc3:amd64 <none> 1.1.0-1
2021-03-12 10:56:09 status half-installed libmpc3:amd64 1.1.0-1
2021-03-12 10:56:09 status unpacked libmpc3:amd64 1.1.0-1
2021-03-12 10:56:09 install cpp-8:amd64 <none> 8.3.0-6
2021-03-12 10:56:09 status half-installed cpp-8:amd64 8.3.0-6
2021-03-12 10:56:11 status unpacked cpp-8:amd64 8.3.0-6
2021-03-12 10:56:11 install cpp:amd64 <none> 4:8.3.0-1
2021-03-12 10:56:11 status half-installed cpp:amd64 4:8.3.0-1
2021-03-12 10:56:11 status unpacked cpp:amd64 4:8.3.0-1
2021-03-12 10:56:11 install libassuan0:amd64 <none> 2.5.2-1
2021-03-12 10:56:11 status half-installed libassuan0:amd64 2.5.2-1
2021-03-12 10:56:11 status unpacked libassuan0:amd64 2.5.2-1
2021-03-12 10:56:11 install libreadline7:amd64 <none> 7.0-5
2021-03-12 10:56:11 status half-installed libreadline7:amd64 7.0-5
2021-03-12 10:56:11 status unpacked libreadline7:amd64 7.0-5
2021-03-12 10:56:11 install gpgconf:amd64 <none> 2.2.12-1+deb10u1
2021-03-12 10:56:11 status half-installed gpgconf:amd64 2.2.12-1+deb10u1
2021-03-12 10:56:11 status unpacked gpgconf:amd64 2.2.12-1+deb10u1
2021-03-12 10:56:11 install lsb-base:all <none> 10.2019051400
2021-03-12 10:56:11 status half-installed lsb-base:all 10.2019051400
2021-03-12 10:56:11 status unpacked lsb-base:all 10.2019051400
2021-03-12 10:56:11 install libksba8:amd64 <none> 1.3.5-2
2021-03-12 10:56:11 status half-installed libksba8:amd64 1.3.5-2
2021-03-12 10:56:11 status unpacked libksba8:amd64 1.3.5-2
2021-03-12 10:56:11 install libnpth0:amd64 <none> 1.6-1
2021-03-12 10:56:11 status half-installed libnpth0:amd64 1.6-1
2021-03-12 10:56:11 status unpacked libnpth0:amd64 1.6-1
2021-03-12 10:56:11 install dirmngr:amd64 <none> 2.2.12-1+deb10u1
2021-03-12 10:56:11 status half-installed dirmngr:amd64 2.2.12-1+deb10u1
2021-03-12 10:56:11 status unpacked dirmngr:amd64 2.2.12-1+deb10u1
2021-03-12 10:56:11 install libdpkg-perl:all <none> 1.19.7
2021-03-12 10:56:11 status half-installed libdpkg-perl:all 1.19.7
2021-03-12 10:56:11 status unpacked libdpkg-perl:all 1.19.7
2021-03-12 10:56:11 install patch:amd64 <none> 2.7.6-3+deb10u1
2021-03-12 10:56:11 status half-installed patch:amd64 2.7.6-3+deb10u1
2021-03-12 10:56:11 status unpacked patch:amd64 2.7.6-3+deb10u1
2021-03-12 10:56:11 install make:amd64 <none> 4.2.1-1.2
2021-03-12 10:56:11 status half-installed make:amd64 4.2.1-1.2
2021-03-12 10:56:11 status unpacked make:amd64 4.2.1-1.2
2021-03-12 10:56:11 install dpkg-dev:all <none> 1.19.7
2021-03-12 10:56:11 status half-installed dpkg-dev:all 1.19.7
2021-03-12 10:56:11 status unpacked dpkg-dev:all 1.19.7
2021-03-12 10:56:11 install libcc1-0:amd64 <none> 8.3.0-6
2021-03-12 10:56:11 status half-installed libcc1-0:amd64 8.3.0-6
2021-03-12 10:56:11 status unpacked libcc1-0:amd64 8.3.0-6
2021-03-12 10:56:11 install libgomp1:amd64 <none> 8.3.0-6
2021-03-12 10:56:11 status half-installed libgomp1:amd64 8.3.0-6
2021-03-12 10:56:11 status unpacked libgomp1:amd64 8.3.0-6
2021-03-12 10:56:11 install libitm1:amd64 <none> 8.3.0-6
2021-03-12 10:56:11 status half-installed libitm1:amd64 8.3.0-6
2021-03-12 10:56:11 status unpacked libitm1:amd64 8.3.0-6
2021-03-12 10:56:11 install libatomic1:amd64 <none> 8.3.0-6
2021-03-12 10:56:11 status half-installed libatomic1:amd64 8.3.0-6
2021-03-12 10:56:11 status unpacked libatomic1:amd64 8.3.0-6
2021-03-12 10:56:11 install libasan5:amd64 <none> 8.3.0-6
2021-03-12 10:56:11 status half-installed libasan5:amd64 8.3.0-6
2021-03-12 10:56:11 status unpacked libasan5:amd64 8.3.0-6
2021-03-12 10:56:11 install liblsan0:amd64 <none> 8.3.0-6
2021-03-12 10:56:11 status half-installed liblsan0:amd64 8.3.0-6
2021-03-12 10:56:11 status unpacked liblsan0:amd64 8.3.0-6
2021-03-12 10:56:11 install libtsan0:amd64 <none> 8.3.0-6
2021-03-12 10:56:11 status half-installed libtsan0:amd64 8.3.0-6
2021-03-12 10:56:11 status unpacked libtsan0:amd64 8.3.0-6
2021-03-12 10:56:12 install libubsan1:amd64 <none> 8.3.0-6
2021-03-12 10:56:12 status half-installed libubsan1:amd64 8.3.0-6
2021-03-12 10:56:12 status unpacked libubsan1:amd64 8.3.0-6
2021-03-12 10:56:12 install libmpx2:amd64 <none> 8.3.0-6
2021-03-12 10:56:12 status half-installed libmpx2:amd64 8.3.0-6
2021-03-12 10:56:12 status unpacked libmpx2:amd64 8.3.0-6
2021-03-12 10:56:12 install libquadmath0:amd64 <none> 8.3.0-6
2021-03-12 10:56:12 status half-installed libquadmath0:amd64 8.3.0-6
2021-03-12 10:56:12 status unpacked libquadmath0:amd64 8.3.0-6
2021-03-12 10:56:12 install libgcc-8-dev:amd64 <none> 8.3.0-6
2021-03-12 10:56:12 status half-installed libgcc-8-dev:amd64 8.3.0-6
2021-03-12 10:56:12 status unpacked libgcc-8-dev:amd64 8.3.0-6
2021-03-12 10:56:12 install gcc-8:amd64 <none> 8.3.0-6
2021-03-12 10:56:12 status half-installed gcc-8:amd64 8.3.0-6
2021-03-12 10:56:13 status unpacked gcc-8:amd64 8.3.0-6
2021-03-12 10:56:13 install gcc:amd64 <none> 4:8.3.0-1
2021-03-12 10:56:13 status half-installed gcc:amd64 4:8.3.0-1
2021-03-12 10:56:13 status unpacked gcc:amd64 4:8.3.0-1
2021-03-12 10:56:13 install gnupg-l10n:all <none> 2.2.12-1+deb10u1
2021-03-12 10:56:13 status half-installed gnupg-l10n:all 2.2.12-1+deb10u1
2021-03-12 10:56:13 status unpacked gnupg-l10n:all 2.2.12-1+deb10u1
2021-03-12 10:56:13 install gnupg-utils:amd64 <none> 2.2.12-1+deb10u1
2021-03-12 10:56:13 status half-installed gnupg-utils:amd64 2.2.12-1+deb10u1
2021-03-12 10:56:13 status unpacked gnupg-utils:amd64 2.2.12-1+deb10u1
2021-03-12 10:56:13 install libsqlite3-0:amd64 <none> 3.27.2-3+deb10u1
2021-03-12 10:56:13 status half-installed libsqlite3-0:amd64 3.27.2-3+deb10u1
2021-03-12 10:56:13 status unpacked libsqlite3-0:amd64 3.27.2-3+deb10u1
2021-03-12 10:56:13 install gpg:amd64 <none> 2.2.12-1+deb10u1
2021-03-12 10:56:13 status half-installed gpg:amd64 2.2.12-1+deb10u1
2021-03-12 10:56:13 status unpacked gpg:amd64 2.2.12-1+deb10u1
2021-03-12 10:56:13 install pinentry-curses:amd64 <none> 1.1.0-2
2021-03-12 10:56:13 status half-installed pinentry-curses:amd64 1.1.0-2
2021-03-12 10:56:13 status unpacked pinentry-curses:amd64 1.1.0-2
2021-03-12 10:56:13 install gpg-agent:amd64 <none> 2.2.12-1+deb10u1
2021-03-12 10:56:13 status half-installed gpg-agent:amd64 2.2.12-1+deb10u1
2021-03-12 10:56:13 status unpacked gpg-agent:amd64 2.2.12-1+deb10u1
2021-03-12 10:56:13 install gpg-wks-client:amd64 <none> 2.2.12-1+deb10u1
2021-03-12 10:56:13 status half-installed gpg-wks-client:amd64 2.2.12-1+deb10u1
2021-03-12 10:56:13 status unpacked gpg-wks-client:amd64 2.2.12-1+deb10u1
2021-03-12 10:56:13 install gpg-wks-server:amd64 <none> 2.2.12-1+deb10u1
2021-03-12 10:56:13 status half-installed gpg-wks-server:amd64 2.2.12-1+deb10u1
2021-03-12 10:56:13 status unpacked gpg-wks-server:amd64 2.2.12-1+deb10u1
2021-03-12 10:56:13 install gpgsm:amd64 <none> 2.2.12-1+deb10u1
2021-03-12 10:56:13 status half-installed gpgsm:amd64 2.2.12-1+deb10u1
2021-03-12 10:56:13 status unpacked gpgsm:amd64 2.2.12-1+deb10u1
2021-03-12 10:56:13 install gnupg:all <none> 2.2.12-1+deb10u1
2021-03-12 10:56:13 status half-installed gnupg:all 2.2.12-1+deb10u1
2021-03-12 10:56:13 status unpacked gnupg:all 2.2.12-1+deb10u1
2021-03-12 10:56:13 install libicu63:amd64 <none> 63.1-6+deb10u1
2021-03-12 10:56:13 status half-installed libicu63:amd64 63.1-6+deb10u1
2021-03-12 10:56:14 status unpacked libicu63:amd64 63.1-6+deb10u1
2021-03-12 10:56:14 install icu-devtools:amd64 <none> 63.1-6+deb10u1
2021-03-12 10:56:14 status half-installed icu-devtools:amd64 63.1-6+deb10u1
2021-03-12 10:56:14 status unpacked icu-devtools:amd64 63.1-6+deb10u1
2021-03-12 10:56:14 install libc-dev-bin:amd64 <none> 2.28-10
2021-03-12 10:56:14 status half-installed libc-dev-bin:amd64 2.28-10
2021-03-12 10:56:14 status unpacked libc-dev-bin:amd64 2.28-10
2021-03-12 10:56:14 install linux-libc-dev:amd64 <none> 4.19.171-2
2021-03-12 10:56:14 status half-installed linux-libc-dev:amd64 4.19.171-2
2021-03-12 10:56:14 status unpacked linux-libc-dev:amd64 4.19.171-2
2021-03-12 10:56:14 install libc6-dev:amd64 <none> 2.28-10
2021-03-12 10:56:14 status half-installed libc6-dev:amd64 2.28-10
2021-03-12 10:56:15 status unpacked libc6-dev:amd64 2.28-10
2021-03-12 10:56:15 install uuid-dev:amd64 <none> 2.33.1-0.1
2021-03-12 10:56:15 status half-installed uuid-dev:amd64 2.33.1-0.1
2021-03-12 10:56:15 status unpacked uuid-dev:amd64 2.33.1-0.1
2021-03-12 10:56:15 install libsctp1:amd64 <none> 1.0.18+dfsg-1
2021-03-12 10:56:15 status half-installed libsctp1:amd64 1.0.18+dfsg-1
2021-03-12 10:56:15 status unpacked libsctp1:amd64 1.0.18+dfsg-1
2021-03-12 10:56:15 install libsctp-dev:amd64 <none> 1.0.18+dfsg-1
2021-03-12 10:56:15 status half-installed libsctp-dev:amd64 1.0.18+dfsg-1
2021-03-12 10:56:15 status unpacked libsctp-dev:amd64 1.0.18+dfsg-1
2021-03-12 10:56:15 install libapr1-dev:amd64 <none> 1.6.5-1+b1
2021-03-12 10:56:15 status half-installed libapr1-dev:amd64 1.6.5-1+b1
2021-03-12 10:56:15 status unpacked libapr1-dev:amd64 1.6.5-1+b1
2021-03-12 10:56:15 install libldap2-dev:amd64 <none> 2.4.47+dfsg-3+deb10u6
2021-03-12 10:56:15 status half-installed libldap2-dev:amd64 2.4.47+dfsg-3+deb10u6
2021-03-12 10:56:15 status unpacked libldap2-dev:amd64 2.4.47+dfsg-3+deb10u6
2021-03-12 10:56:15 install libexpat1-dev:amd64 <none> 2.2.6-2+deb10u1
2021-03-12 10:56:15 status half-installed libexpat1-dev:amd64 2.2.6-2+deb10u1
2021-03-12 10:56:15 status unpacked libexpat1-dev:amd64 2.2.6-2+deb10u1
2021-03-12 10:56:15 install libaprutil1-dev:amd64 <none> 1.6.1-4
2021-03-12 10:56:15 status half-installed libaprutil1-dev:amd64 1.6.1-4
2021-03-12 10:56:15 status unpacked libaprutil1-dev:amd64 1.6.1-4
2021-03-12 10:56:15 install libbrotli1:amd64 <none> 1.0.7-2+deb10u1
2021-03-12 10:56:15 status half-installed libbrotli1:amd64 1.0.7-2+deb10u1
2021-03-12 10:56:15 status unpacked libbrotli1:amd64 1.0.7-2+deb10u1
2021-03-12 10:56:15 install libbrotli-dev:amd64 <none> 1.0.7-2+deb10u1
2021-03-12 10:56:15 status half-installed libbrotli-dev:amd64 1.0.7-2+deb10u1
2021-03-12 10:56:15 status unpacked libbrotli-dev:amd64 1.0.7-2+deb10u1
2021-03-12 10:56:15 install libkeyutils1:amd64 <none> 1.6-6
2021-03-12 10:56:15 status half-installed libkeyutils1:amd64 1.6-6
2021-03-12 10:56:15 status unpacked libkeyutils1:amd64 1.6-6
2021-03-12 10:56:15 install libkrb5support0:amd64 <none> 1.17-3+deb10u1
2021-03-12 10:56:15 status half-installed libkrb5support0:amd64 1.17-3+deb10u1
2021-03-12 10:56:15 status unpacked libkrb5support0:amd64 1.17-3+deb10u1
2021-03-12 10:56:15 install libk5crypto3:amd64 <none> 1.17-3+deb10u1
2021-03-12 10:56:15 status half-installed libk5crypto3:amd64 1.17-3+deb10u1
2021-03-12 10:56:15 status unpacked libk5crypto3:amd64 1.17-3+deb10u1
2021-03-12 10:56:15 install libkrb5-3:amd64 <none> 1.17-3+deb10u1
2021-03-12 10:56:15 status half-installed libkrb5-3:amd64 1.17-3+deb10u1
2021-03-12 10:56:15 status unpacked libkrb5-3:amd64 1.17-3+deb10u1
2021-03-12 10:56:15 install libgssapi-krb5-2:amd64 <none> 1.17-3+deb10u1
2021-03-12 10:56:15 status half-installed libgssapi-krb5-2:amd64 1.17-3+deb10u1
2021-03-12 10:56:15 status unpacked libgssapi-krb5-2:amd64 1.17-3+deb10u1
2021-03-12 10:56:15 install libnghttp2-14:amd64 <none> 1.36.0-2+deb10u1
2021-03-12 10:56:15 status half-installed libnghttp2-14:amd64 1.36.0-2+deb10u1
2021-03-12 10:56:15 status unpacked libnghttp2-14:amd64 1.36.0-2+deb10u1
2021-03-12 10:56:15 install librtmp1:amd64 <none> 2.4+20151223.gitfa8646d.1-2
2021-03-12 10:56:15 status half-installed librtmp1:amd64 2.4+20151223.gitfa8646d.1-2
2021-03-12 10:56:15 status unpacked librtmp1:amd64 2.4+20151223.gitfa8646d.1-2
2021-03-12 10:56:15 install libssh2-1:amd64 <none> 1.8.0-2.1
2021-03-12 10:56:15 status half-installed libssh2-1:amd64 1.8.0-2.1
2021-03-12 10:56:16 status unpacked libssh2-1:amd64 1.8.0-2.1
2021-03-12 10:56:16 install libcurl4:amd64 <none> 7.64.0-4+deb10u1
2021-03-12 10:56:16 status half-installed libcurl4:amd64 7.64.0-4+deb10u1
2021-03-12 10:56:16 status unpacked libcurl4:amd64 7.64.0-4+deb10u1
2021-03-12 10:56:16 install libcurl4-openssl-dev:amd64 <none> 7.64.0-4+deb10u1
2021-03-12 10:56:16 status half-installed libcurl4-openssl-dev:amd64 7.64.0-4+deb10u1
2021-03-12 10:56:16 status unpacked libcurl4-openssl-dev:amd64 7.64.0-4+deb10u1
2021-03-12 10:56:16 install libglib2.0-0:amd64 <none> 2.58.3-2+deb10u2
2021-03-12 10:56:16 status half-installed libglib2.0-0:amd64 2.58.3-2+deb10u2
2021-03-12 10:56:16 status unpacked libglib2.0-0:amd64 2.58.3-2+deb10u2
2021-03-12 10:56:16 install libicu-dev:amd64 <none> 63.1-6+deb10u1
2021-03-12 10:56:16 status half-installed libicu-dev:amd64 63.1-6+deb10u1
2021-03-12 10:56:17 status unpacked libicu-dev:amd64 63.1-6+deb10u1
2021-03-12 10:56:17 install libjansson4:amd64 <none> 2.12-1
2021-03-12 10:56:17 status half-installed libjansson4:amd64 2.12-1
2021-03-12 10:56:17 status unpacked libjansson4:amd64 2.12-1
2021-03-12 10:56:17 install libjansson-dev:amd64 <none> 2.12-1
2021-03-12 10:56:17 status half-installed libjansson-dev:amd64 2.12-1
2021-03-12 10:56:17 status unpacked libjansson-dev:amd64 2.12-1
2021-03-12 10:56:17 install liblua5.2-0:amd64 <none> 5.2.4-1.1+b2
2021-03-12 10:56:17 status half-installed liblua5.2-0:amd64 5.2.4-1.1+b2
2021-03-12 10:56:17 status unpacked liblua5.2-0:amd64 5.2.4-1.1+b2
2021-03-12 10:56:17 install libncurses6:amd64 <none> 6.1+20181013-2+deb10u2
2021-03-12 10:56:17 status half-installed libncurses6:amd64 6.1+20181013-2+deb10u2
2021-03-12 10:56:17 status unpacked libncurses6:amd64 6.1+20181013-2+deb10u2
2021-03-12 10:56:17 install libncurses-dev:amd64 <none> 6.1+20181013-2+deb10u2
2021-03-12 10:56:17 status half-installed libncurses-dev:amd64 6.1+20181013-2+deb10u2
2021-03-12 10:56:17 status unpacked libncurses-dev:amd64 6.1+20181013-2+deb10u2
2021-03-12 10:56:17 install libreadline-dev:amd64 <none> 7.0-5
2021-03-12 10:56:17 status half-installed libreadline-dev:amd64 7.0-5
2021-03-12 10:56:17 status unpacked libreadline-dev:amd64 7.0-5
2021-03-12 10:56:17 install liblua5.2-dev:amd64 <none> 5.2.4-1.1+b2
2021-03-12 10:56:17 status half-installed liblua5.2-dev:amd64 5.2.4-1.1+b2
2021-03-12 10:56:17 status unpacked liblua5.2-dev:amd64 5.2.4-1.1+b2
2021-03-12 10:56:17 install pkg-config:amd64 <none> 0.29-6
2021-03-12 10:56:17 status half-installed pkg-config:amd64 0.29-6
2021-03-12 10:56:17 status unpacked pkg-config:amd64 0.29-6
2021-03-12 10:56:17 install libnghttp2-dev:amd64 <none> 1.36.0-2+deb10u1
2021-03-12 10:56:17 status half-installed libnghttp2-dev:amd64 1.36.0-2+deb10u1
2021-03-12 10:56:17 status unpacked libnghttp2-dev:amd64 1.36.0-2+deb10u1
2021-03-12 10:56:17 install libpcre16-3:amd64 <none> 2:8.39-12
2021-03-12 10:56:17 status half-installed libpcre16-3:amd64 2:8.39-12
2021-03-12 10:56:17 status unpacked libpcre16-3:amd64 2:8.39-12
2021-03-12 10:56:17 install libpcre32-3:amd64 <none> 2:8.39-12
2021-03-12 10:56:17 status half-installed libpcre32-3:amd64 2:8.39-12
2021-03-12 10:56:17 status unpacked libpcre32-3:amd64 2:8.39-12
2021-03-12 10:56:17 install libpcrecpp0v5:amd64 <none> 2:8.39-12
2021-03-12 10:56:17 status half-installed libpcrecpp0v5:amd64 2:8.39-12
2021-03-12 10:56:17 status unpacked libpcrecpp0v5:amd64 2:8.39-12
2021-03-12 10:56:17 install libpcre3-dev:amd64 <none> 2:8.39-12
2021-03-12 10:56:17 status half-installed libpcre3-dev:amd64 2:8.39-12
2021-03-12 10:56:17 status unpacked libpcre3-dev:amd64 2:8.39-12
2021-03-12 10:56:17 install libssl-dev:amd64 <none> 1.1.1d-0+deb10u5
2021-03-12 10:56:17 status half-installed libssl-dev:amd64 1.1.1d-0+deb10u5
2021-03-12 10:56:18 status unpacked libssl-dev:amd64 1.1.1d-0+deb10u5
2021-03-12 10:56:18 install libxml2:amd64 <none> 2.9.4+dfsg1-7+deb10u1
2021-03-12 10:56:18 status half-installed libxml2:amd64 2.9.4+dfsg1-7+deb10u1
2021-03-12 10:56:18 status unpacked libxml2:amd64 2.9.4+dfsg1-7+deb10u1
2021-03-12 10:56:18 install libxml2-dev:amd64 <none> 2.9.4+dfsg1-7+deb10u1
2021-03-12 10:56:18 status half-installed libxml2-dev:amd64 2.9.4+dfsg1-7+deb10u1
2021-03-12 10:56:18 status unpacked libxml2-dev:amd64 2.9.4+dfsg1-7+deb10u1
2021-03-12 10:56:18 install zlib1g-dev:amd64 <none> 1:1.2.11.dfsg-1
2021-03-12 10:56:18 status half-installed zlib1g-dev:amd64 1:1.2.11.dfsg-1
2021-03-12 10:56:18 status unpacked zlib1g-dev:amd64 1:1.2.11.dfsg-1
2021-03-12 10:56:18 startup packages configure
2021-03-12 10:56:18 configure perl-modules-5.28:all 5.28.1-6+deb10u1 <none>
2021-03-12 10:56:18 status unpacked perl-modules-5.28:all 5.28.1-6+deb10u1
2021-03-12 10:56:18 status half-configured perl-modules-5.28:all 5.28.1-6+deb10u1
2021-03-12 10:56:18 status installed perl-modules-5.28:all 5.28.1-6+deb10u1
2021-03-12 10:56:18 configure libksba8:amd64 1.3.5-2 <none>
2021-03-12 10:56:18 status unpacked libksba8:amd64 1.3.5-2
2021-03-12 10:56:18 status half-configured libksba8:amd64 1.3.5-2
2021-03-12 10:56:18 status installed libksba8:amd64 1.3.5-2
2021-03-12 10:56:18 configure libpcrecpp0v5:amd64 2:8.39-12 <none>
2021-03-12 10:56:18 status unpacked libpcrecpp0v5:amd64 2:8.39-12
2021-03-12 10:56:18 status half-configured libpcrecpp0v5:amd64 2:8.39-12
2021-03-12 10:56:18 status installed libpcrecpp0v5:amd64 2:8.39-12
2021-03-12 10:56:18 configure lsb-base:all 10.2019051400 <none>
2021-03-12 10:56:18 status unpacked lsb-base:all 10.2019051400
2021-03-12 10:56:18 status half-configured lsb-base:all 10.2019051400
2021-03-12 10:56:18 status installed lsb-base:all 10.2019051400
2021-03-12 10:56:18 configure libkeyutils1:amd64 1.6-6 <none>
2021-03-12 10:56:18 status unpacked libkeyutils1:amd64 1.6-6
2021-03-12 10:56:18 status half-configured libkeyutils1:amd64 1.6-6
2021-03-12 10:56:18 status installed libkeyutils1:amd64 1.6-6
2021-03-12 10:56:18 configure libpsl5:amd64 0.20.2-2 <none>
2021-03-12 10:56:18 status unpacked libpsl5:amd64 0.20.2-2
2021-03-12 10:56:18 status half-configured libpsl5:amd64 0.20.2-2
2021-03-12 10:56:18 status installed libpsl5:amd64 0.20.2-2
2021-03-12 10:56:18 configure libpcre16-3:amd64 2:8.39-12 <none>
2021-03-12 10:56:18 status unpacked libpcre16-3:amd64 2:8.39-12
2021-03-12 10:56:18 status half-configured libpcre16-3:amd64 2:8.39-12
2021-03-12 10:56:18 status installed libpcre16-3:amd64 2:8.39-12
2021-03-12 10:56:18 configure libglib2.0-0:amd64 2.58.3-2+deb10u2 <none>
2021-03-12 10:56:18 status unpacked libglib2.0-0:amd64 2.58.3-2+deb10u2
2021-03-12 10:56:18 status half-configured libglib2.0-0:amd64 2.58.3-2+deb10u2
2021-03-12 10:56:18 status installed libglib2.0-0:amd64 2.58.3-2+deb10u2
2021-03-12 10:56:18 configure libbrotli1:amd64 1.0.7-2+deb10u1 <none>
2021-03-12 10:56:18 status unpacked libbrotli1:amd64 1.0.7-2+deb10u1
2021-03-12 10:56:18 status half-configured libbrotli1:amd64 1.0.7-2+deb10u1
2021-03-12 10:56:18 status installed libbrotli1:amd64 1.0.7-2+deb10u1
2021-03-12 10:56:18 configure libsqlite3-0:amd64 3.27.2-3+deb10u1 <none>
2021-03-12 10:56:18 status unpacked libsqlite3-0:amd64 3.27.2-3+deb10u1
2021-03-12 10:56:18 status half-configured libsqlite3-0:amd64 3.27.2-3+deb10u1
2021-03-12 10:56:18 status installed libsqlite3-0:amd64 3.27.2-3+deb10u1
2021-03-12 10:56:18 configure binutils-common:amd64 2.31.1-16 <none>
2021-03-12 10:56:18 status unpacked binutils-common:amd64 2.31.1-16
2021-03-12 10:56:18 status half-configured binutils-common:amd64 2.31.1-16
2021-03-12 10:56:18 status installed binutils-common:amd64 2.31.1-16
2021-03-12 10:56:18 configure libnghttp2-14:amd64 1.36.0-2+deb10u1 <none>
2021-03-12 10:56:18 status unpacked libnghttp2-14:amd64 1.36.0-2+deb10u1
2021-03-12 10:56:18 status half-configured libnghttp2-14:amd64 1.36.0-2+deb10u1
2021-03-12 10:56:18 status installed libnghttp2-14:amd64 1.36.0-2+deb10u1
2021-03-12 10:56:18 configure linux-libc-dev:amd64 4.19.171-2 <none>
2021-03-12 10:56:18 status unpacked linux-libc-dev:amd64 4.19.171-2
2021-03-12 10:56:18 status half-configured linux-libc-dev:amd64 4.19.171-2
2021-03-12 10:56:18 status installed linux-libc-dev:amd64 4.19.171-2
2021-03-12 10:56:18 configure libnpth0:amd64 1.6-1 <none>
2021-03-12 10:56:18 status unpacked libnpth0:amd64 1.6-1
2021-03-12 10:56:18 status half-configured libnpth0:amd64 1.6-1
2021-03-12 10:56:18 status installed libnpth0:amd64 1.6-1
2021-03-12 10:56:18 configure libassuan0:amd64 2.5.2-1 <none>
2021-03-12 10:56:18 status unpacked libassuan0:amd64 2.5.2-1
2021-03-12 10:56:18 status half-configured libassuan0:amd64 2.5.2-1
2021-03-12 10:56:18 status installed libassuan0:amd64 2.5.2-1
2021-03-12 10:56:18 configure libgomp1:amd64 8.3.0-6 <none>
2021-03-12 10:56:18 status unpacked libgomp1:amd64 8.3.0-6
2021-03-12 10:56:18 status half-configured libgomp1:amd64 8.3.0-6
2021-03-12 10:56:18 status installed libgomp1:amd64 8.3.0-6
2021-03-12 10:56:18 configure bzip2:amd64 1.0.6-9.2~deb10u1 <none>
2021-03-12 10:56:18 status unpacked bzip2:amd64 1.0.6-9.2~deb10u1
2021-03-12 10:56:18 status half-configured bzip2:amd64 1.0.6-9.2~deb10u1
2021-03-12 10:56:18 status installed bzip2:amd64 1.0.6-9.2~deb10u1
2021-03-12 10:56:18 configure libicu63:amd64 63.1-6+deb10u1 <none>
2021-03-12 10:56:18 status unpacked libicu63:amd64 63.1-6+deb10u1
2021-03-12 10:56:18 status half-configured libicu63:amd64 63.1-6+deb10u1
2021-03-12 10:56:18 status installed libicu63:amd64 63.1-6+deb10u1
2021-03-12 10:56:18 configure libjansson4:amd64 2.12-1 <none>
2021-03-12 10:56:18 status unpacked libjansson4:amd64 2.12-1
2021-03-12 10:56:18 status half-configured libjansson4:amd64 2.12-1
2021-03-12 10:56:18 status installed libjansson4:amd64 2.12-1
2021-03-12 10:56:18 configure libkrb5support0:amd64 1.17-3+deb10u1 <none>
2021-03-12 10:56:18 status unpacked libkrb5support0:amd64 1.17-3+deb10u1
2021-03-12 10:56:18 status half-configured libkrb5support0:amd64 1.17-3+deb10u1
2021-03-12 10:56:18 status installed libkrb5support0:amd64 1.17-3+deb10u1
2021-03-12 10:56:18 configure libldap2-dev:amd64 2.4.47+dfsg-3+deb10u6 <none>
2021-03-12 10:56:18 status unpacked libldap2-dev:amd64 2.4.47+dfsg-3+deb10u6
2021-03-12 10:56:18 status half-configured libldap2-dev:amd64 2.4.47+dfsg-3+deb10u6
2021-03-12 10:56:18 status installed libldap2-dev:amd64 2.4.47+dfsg-3+deb10u6
2021-03-12 10:56:18 configure libasan5:amd64 8.3.0-6 <none>
2021-03-12 10:56:18 status unpacked libasan5:amd64 8.3.0-6
2021-03-12 10:56:18 status half-configured libasan5:amd64 8.3.0-6
2021-03-12 10:56:18 status installed libasan5:amd64 8.3.0-6
2021-03-12 10:56:18 configure make:amd64 4.2.1-1.2 <none>
2021-03-12 10:56:18 status unpacked make:amd64 4.2.1-1.2
2021-03-12 10:56:18 status half-configured make:amd64 4.2.1-1.2
2021-03-12 10:56:18 status installed make:amd64 4.2.1-1.2
2021-03-12 10:56:18 configure libmpfr6:amd64 4.0.2-1 <none>
2021-03-12 10:56:18 status unpacked libmpfr6:amd64 4.0.2-1
2021-03-12 10:56:18 status half-configured libmpfr6:amd64 4.0.2-1
2021-03-12 10:56:18 status installed libmpfr6:amd64 4.0.2-1
2021-03-12 10:56:18 configure gnupg-l10n:all 2.2.12-1+deb10u1 <none>
2021-03-12 10:56:18 status unpacked gnupg-l10n:all 2.2.12-1+deb10u1
2021-03-12 10:56:18 status half-configured gnupg-l10n:all 2.2.12-1+deb10u1
2021-03-12 10:56:18 status installed gnupg-l10n:all 2.2.12-1+deb10u1
2021-03-12 10:56:18 configure librtmp1:amd64 2.4+20151223.gitfa8646d.1-2 <none>
2021-03-12 10:56:18 status unpacked librtmp1:amd64 2.4+20151223.gitfa8646d.1-2
2021-03-12 10:56:18 status half-configured librtmp1:amd64 2.4+20151223.gitfa8646d.1-2
2021-03-12 10:56:18 status installed librtmp1:amd64 2.4+20151223.gitfa8646d.1-2
2021-03-12 10:56:18 configure libncurses6:amd64 6.1+20181013-2+deb10u2 <none>
2021-03-12 10:56:18 status unpacked libncurses6:amd64 6.1+20181013-2+deb10u2
2021-03-12 10:56:18 status half-configured libncurses6:amd64 6.1+20181013-2+deb10u2
2021-03-12 10:56:18 status installed libncurses6:amd64 6.1+20181013-2+deb10u2
2021-03-12 10:56:18 configure xz-utils:amd64 5.2.4-1 <none>
2021-03-12 10:56:18 status unpacked xz-utils:amd64 5.2.4-1
2021-03-12 10:56:18 status half-configured xz-utils:amd64 5.2.4-1
2021-03-12 10:56:18 status installed xz-utils:amd64 5.2.4-1
2021-03-12 10:56:18 configure libquadmath0:amd64 8.3.0-6 <none>
2021-03-12 10:56:18 status unpacked libquadmath0:amd64 8.3.0-6
2021-03-12 10:56:18 status half-configured libquadmath0:amd64 8.3.0-6
2021-03-12 10:56:18 status installed libquadmath0:amd64 8.3.0-6
2021-03-12 10:56:18 configure libssl-dev:amd64 1.1.1d-0+deb10u5 <none>
2021-03-12 10:56:18 status unpacked libssl-dev:amd64 1.1.1d-0+deb10u5
2021-03-12 10:56:18 status half-configured libssl-dev:amd64 1.1.1d-0+deb10u5
2021-03-12 10:56:18 status installed libssl-dev:amd64 1.1.1d-0+deb10u5
2021-03-12 10:56:18 configure libpcre32-3:amd64 2:8.39-12 <none>
2021-03-12 10:56:18 status unpacked libpcre32-3:amd64 2:8.39-12
2021-03-12 10:56:18 status half-configured libpcre32-3:amd64 2:8.39-12
2021-03-12 10:56:18 status installed libpcre32-3:amd64 2:8.39-12
2021-03-12 10:56:18 configure libmpc3:amd64 1.1.0-1 <none>
2021-03-12 10:56:18 status unpacked libmpc3:amd64 1.1.0-1
2021-03-12 10:56:18 status half-configured libmpc3:amd64 1.1.0-1
2021-03-12 10:56:18 status installed libmpc3:amd64 1.1.0-1
2021-03-12 10:56:18 configure libatomic1:amd64 8.3.0-6 <none>
2021-03-12 10:56:18 status unpacked libatomic1:amd64 8.3.0-6
2021-03-12 10:56:18 status half-configured libatomic1:amd64 8.3.0-6
2021-03-12 10:56:18 status installed libatomic1:amd64 8.3.0-6
2021-03-12 10:56:18 configure patch:amd64 2.7.6-3+deb10u1 <none>
2021-03-12 10:56:18 status unpacked patch:amd64 2.7.6-3+deb10u1
2021-03-12 10:56:18 status half-configured patch:amd64 2.7.6-3+deb10u1
2021-03-12 10:56:18 status installed patch:amd64 2.7.6-3+deb10u1
2021-03-12 10:56:18 configure icu-devtools:amd64 63.1-6+deb10u1 <none>
2021-03-12 10:56:18 status unpacked icu-devtools:amd64 63.1-6+deb10u1
2021-03-12 10:56:18 status half-configured icu-devtools:amd64 63.1-6+deb10u1
2021-03-12 10:56:18 status installed icu-devtools:amd64 63.1-6+deb10u1
2021-03-12 10:56:18 configure libgdbm-compat4:amd64 1.18.1-4 <none>
2021-03-12 10:56:18 status unpacked libgdbm-compat4:amd64 1.18.1-4
2021-03-12 10:56:18 status half-configured libgdbm-compat4:amd64 1.18.1-4
2021-03-12 10:56:18 status installed libgdbm-compat4:amd64 1.18.1-4
2021-03-12 10:56:18 configure libpcre2-8-0:amd64 10.32-5 <none>
2021-03-12 10:56:18 status unpacked libpcre2-8-0:amd64 10.32-5
2021-03-12 10:56:18 status half-configured libpcre2-8-0:amd64 10.32-5
2021-03-12 10:56:18 status installed libpcre2-8-0:amd64 10.32-5
2021-03-12 10:56:18 configure libk5crypto3:amd64 1.17-3+deb10u1 <none>
2021-03-12 10:56:18 status unpacked libk5crypto3:amd64 1.17-3+deb10u1
2021-03-12 10:56:18 status half-configured libk5crypto3:amd64 1.17-3+deb10u1
2021-03-12 10:56:18 status installed libk5crypto3:amd64 1.17-3+deb10u1
2021-03-12 10:56:18 configure libperl5.28:amd64 5.28.1-6+deb10u1 <none>
2021-03-12 10:56:18 status unpacked libperl5.28:amd64 5.28.1-6+deb10u1
2021-03-12 10:56:18 status half-configured libperl5.28:amd64 5.28.1-6+deb10u1
2021-03-12 10:56:18 status installed libperl5.28:amd64 5.28.1-6+deb10u1
2021-03-12 10:56:18 configure libmpx2:amd64 8.3.0-6 <none>
2021-03-12 10:56:18 status unpacked libmpx2:amd64 8.3.0-6
2021-03-12 10:56:18 status half-configured libmpx2:amd64 8.3.0-6
2021-03-12 10:56:18 status installed libmpx2:amd64 8.3.0-6
2021-03-12 10:56:18 configure libubsan1:amd64 8.3.0-6 <none>
2021-03-12 10:56:18 status unpacked libubsan1:amd64 8.3.0-6
2021-03-12 10:56:18 status half-configured libubsan1:amd64 8.3.0-6
2021-03-12 10:56:18 status installed libubsan1:amd64 8.3.0-6
2021-03-12 10:56:18 configure libisl19:amd64 0.20-2 <none>
2021-03-12 10:56:18 status unpacked libisl19:amd64 0.20-2
2021-03-12 10:56:18 status half-configured libisl19:amd64 0.20-2
2021-03-12 10:56:18 status installed libisl19:amd64 0.20-2
2021-03-12 10:56:18 configure libsctp1:amd64 1.0.18+dfsg-1 <none>
2021-03-12 10:56:18 status unpacked libsctp1:amd64 1.0.18+dfsg-1
2021-03-12 10:56:18 status half-configured libsctp1:amd64 1.0.18+dfsg-1
2021-03-12 10:56:18 status installed libsctp1:amd64 1.0.18+dfsg-1
2021-03-12 10:56:18 configure liblua5.2-0:amd64 5.2.4-1.1+b2 <none>
2021-03-12 10:56:18 status unpacked liblua5.2-0:amd64 5.2.4-1.1+b2
2021-03-12 10:56:18 status half-configured liblua5.2-0:amd64 5.2.4-1.1+b2
2021-03-12 10:56:18 status installed liblua5.2-0:amd64 5.2.4-1.1+b2
2021-03-12 10:56:18 configure libssh2-1:amd64 1.8.0-2.1 <none>
2021-03-12 10:56:18 status unpacked libssh2-1:amd64 1.8.0-2.1
2021-03-12 10:56:18 status half-configured libssh2-1:amd64 1.8.0-2.1
2021-03-12 10:56:18 status installed libssh2-1:amd64 1.8.0-2.1
2021-03-12 10:56:18 configure libkrb5-3:amd64 1.17-3+deb10u1 <none>
2021-03-12 10:56:18 status unpacked libkrb5-3:amd64 1.17-3+deb10u1
2021-03-12 10:56:18 status half-configured libkrb5-3:amd64 1.17-3+deb10u1
2021-03-12 10:56:18 status installed libkrb5-3:amd64 1.17-3+deb10u1
2021-03-12 10:56:18 configure libbinutils:amd64 2.31.1-16 <none>
2021-03-12 10:56:18 status unpacked libbinutils:amd64 2.31.1-16
2021-03-12 10:56:18 status half-configured libbinutils:amd64 2.31.1-16
2021-03-12 10:56:18 status installed libbinutils:amd64 2.31.1-16
2021-03-12 10:56:18 configure cpp-8:amd64 8.3.0-6 <none>
2021-03-12 10:56:18 status unpacked cpp-8:amd64 8.3.0-6
2021-03-12 10:56:18 status half-configured cpp-8:amd64 8.3.0-6
2021-03-12 10:56:18 status installed cpp-8:amd64 8.3.0-6
2021-03-12 10:56:18 configure libc-dev-bin:amd64 2.28-10 <none>
2021-03-12 10:56:18 status unpacked libc-dev-bin:amd64 2.28-10
2021-03-12 10:56:18 status half-configured libc-dev-bin:amd64 2.28-10
2021-03-12 10:56:18 status installed libc-dev-bin:amd64 2.28-10
2021-03-12 10:56:18 configure openssl:amd64 1.1.1d-0+deb10u5 <none>
2021-03-12 10:56:18 status unpacked openssl:amd64 1.1.1d-0+deb10u5
2021-03-12 10:56:18 status half-configured openssl:amd64 1.1.1d-0+deb10u5
2021-03-12 10:56:18 status installed openssl:amd64 1.1.1d-0+deb10u5
2021-03-12 10:56:18 configure readline-common:all 7.0-5 <none>
2021-03-12 10:56:18 status unpacked readline-common:all 7.0-5
2021-03-12 10:56:18 status half-configured readline-common:all 7.0-5
2021-03-12 10:56:18 status installed readline-common:all 7.0-5
2021-03-12 10:56:18 configure libxml2:amd64 2.9.4+dfsg1-7+deb10u1 <none>
2021-03-12 10:56:18 status unpacked libxml2:amd64 2.9.4+dfsg1-7+deb10u1
2021-03-12 10:56:18 status half-configured libxml2:amd64 2.9.4+dfsg1-7+deb10u1
2021-03-12 10:56:18 status installed libxml2:amd64 2.9.4+dfsg1-7+deb10u1
2021-03-12 10:56:18 configure libcc1-0:amd64 8.3.0-6 <none>
2021-03-12 10:56:18 status unpacked libcc1-0:amd64 8.3.0-6
2021-03-12 10:56:18 status half-configured libcc1-0:amd64 8.3.0-6
2021-03-12 10:56:18 status installed libcc1-0:amd64 8.3.0-6
2021-03-12 10:56:18 configure libjansson-dev:amd64 2.12-1 <none>
2021-03-12 10:56:18 status unpacked libjansson-dev:amd64 2.12-1
2021-03-12 10:56:18 status half-configured libjansson-dev:amd64 2.12-1
2021-03-12 10:56:18 status installed libjansson-dev:amd64 2.12-1
2021-03-12 10:56:18 configure libbrotli-dev:amd64 1.0.7-2+deb10u1 <none>
2021-03-12 10:56:18 status unpacked libbrotli-dev:amd64 1.0.7-2+deb10u1
2021-03-12 10:56:18 status half-configured libbrotli-dev:amd64 1.0.7-2+deb10u1
2021-03-12 10:56:18 status installed libbrotli-dev:amd64 1.0.7-2+deb10u1
2021-03-12 10:56:18 configure liblsan0:amd64 8.3.0-6 <none>
2021-03-12 10:56:18 status unpacked liblsan0:amd64 8.3.0-6
2021-03-12 10:56:18 status half-configured liblsan0:amd64 8.3.0-6
2021-03-12 10:56:18 status installed liblsan0:amd64 8.3.0-6
2021-03-12 10:56:18 configure libitm1:amd64 8.3.0-6 <none>
2021-03-12 10:56:18 status unpacked libitm1:amd64 8.3.0-6
2021-03-12 10:56:18 status half-configured libitm1:amd64 8.3.0-6
2021-03-12 10:56:18 status installed libitm1:amd64 8.3.0-6
2021-03-12 10:56:18 configure libreadline7:amd64 7.0-5 <none>
2021-03-12 10:56:18 status unpacked libreadline7:amd64 7.0-5
2021-03-12 10:56:18 status half-configured libreadline7:amd64 7.0-5
2021-03-12 10:56:18 status installed libreadline7:amd64 7.0-5
2021-03-12 10:56:18 configure gnupg-utils:amd64 2.2.12-1+deb10u1 <none>
2021-03-12 10:56:18 status unpacked gnupg-utils:amd64 2.2.12-1+deb10u1
2021-03-12 10:56:18 status half-configured gnupg-utils:amd64 2.2.12-1+deb10u1
2021-03-12 10:56:18 status installed gnupg-utils:amd64 2.2.12-1+deb10u1
2021-03-12 10:56:18 configure binutils-x86-64-linux-gnu:amd64 2.31.1-16 <none>
2021-03-12 10:56:18 status unpacked binutils-x86-64-linux-gnu:amd64 2.31.1-16
2021-03-12 10:56:18 status half-configured binutils-x86-64-linux-gnu:amd64 2.31.1-16
2021-03-12 10:56:18 status installed binutils-x86-64-linux-gnu:amd64 2.31.1-16
2021-03-12 10:56:18 configure libtsan0:amd64 8.3.0-6 <none>
2021-03-12 10:56:18 status unpacked libtsan0:amd64 8.3.0-6
2021-03-12 10:56:18 status half-configured libtsan0:amd64 8.3.0-6
2021-03-12 10:56:18 status installed libtsan0:amd64 8.3.0-6
2021-03-12 10:56:18 configure pinentry-curses:amd64 1.1.0-2 <none>
2021-03-12 10:56:18 status unpacked pinentry-curses:amd64 1.1.0-2
2021-03-12 10:56:18 status half-configured pinentry-curses:amd64 1.1.0-2
2021-03-12 10:56:18 status installed pinentry-curses:amd64 1.1.0-2
2021-03-12 10:56:18 configure wget:amd64 1.20.1-1.1 <none>
2021-03-12 10:56:18 status unpacked wget:amd64 1.20.1-1.1
2021-03-12 10:56:18 status half-configured wget:amd64 1.20.1-1.1
2021-03-12 10:56:18 status installed wget:amd64 1.20.1-1.1
2021-03-12 10:56:18 configure binutils:amd64 2.31.1-16 <none>
2021-03-12 10:56:18 status unpacked binutils:amd64 2.31.1-16
2021-03-12 10:56:18 status half-configured binutils:amd64 2.31.1-16
2021-03-12 10:56:18 status installed binutils:amd64 2.31.1-16
2021-03-12 10:56:18 configure ca-certificates:all 20200601~deb10u2 <none>
2021-03-12 10:56:18 status unpacked ca-certificates:all 20200601~deb10u2
2021-03-12 10:56:18 status half-configured ca-certificates:all 20200601~deb10u2
2021-03-12 10:56:20 status installed ca-certificates:all 20200601~deb10u2
2021-03-12 10:56:20 status triggers-pending ca-certificates:all 20200601~deb10u2
2021-03-12 10:56:20 configure perl:amd64 5.28.1-6+deb10u1 <none>
2021-03-12 10:56:20 status unpacked perl:amd64 5.28.1-6+deb10u1
2021-03-12 10:56:20 status half-configured perl:amd64 5.28.1-6+deb10u1
2021-03-12 10:56:20 status installed perl:amd64 5.28.1-6+deb10u1
2021-03-12 10:56:20 configure libgssapi-krb5-2:amd64 1.17-3+deb10u1 <none>
2021-03-12 10:56:20 status unpacked libgssapi-krb5-2:amd64 1.17-3+deb10u1
2021-03-12 10:56:20 status half-configured libgssapi-krb5-2:amd64 1.17-3+deb10u1
2021-03-12 10:56:20 status installed libgssapi-krb5-2:amd64 1.17-3+deb10u1
2021-03-12 10:56:20 configure libdpkg-perl:all 1.19.7 <none>
2021-03-12 10:56:20 status unpacked libdpkg-perl:all 1.19.7
2021-03-12 10:56:20 status half-configured libdpkg-perl:all 1.19.7
2021-03-12 10:56:20 status installed libdpkg-perl:all 1.19.7
2021-03-12 10:56:20 configure libgcc-8-dev:amd64 8.3.0-6 <none>
2021-03-12 10:56:20 status unpacked libgcc-8-dev:amd64 8.3.0-6
2021-03-12 10:56:20 status half-configured libgcc-8-dev:amd64 8.3.0-6
2021-03-12 10:56:20 status installed libgcc-8-dev:amd64 8.3.0-6
2021-03-12 10:56:20 configure cpp:amd64 4:8.3.0-1 <none>
2021-03-12 10:56:20 status unpacked cpp:amd64 4:8.3.0-1
2021-03-12 10:56:20 status half-configured cpp:amd64 4:8.3.0-1
2021-03-12 10:56:20 status installed cpp:amd64 4:8.3.0-1
2021-03-12 10:56:20 configure gpgconf:amd64 2.2.12-1+deb10u1 <none>
2021-03-12 10:56:20 status unpacked gpgconf:amd64 2.2.12-1+deb10u1
2021-03-12 10:56:20 status half-configured gpgconf:amd64 2.2.12-1+deb10u1
2021-03-12 10:56:20 status installed gpgconf:amd64 2.2.12-1+deb10u1
2021-03-12 10:56:20 configure libcurl4:amd64 7.64.0-4+deb10u1 <none>
2021-03-12 10:56:20 status unpacked libcurl4:amd64 7.64.0-4+deb10u1
2021-03-12 10:56:20 status half-configured libcurl4:amd64 7.64.0-4+deb10u1
2021-03-12 10:56:20 status installed libcurl4:amd64 7.64.0-4+deb10u1
2021-03-12 10:56:20 configure libc6-dev:amd64 2.28-10 <none>
2021-03-12 10:56:20 status unpacked libc6-dev:amd64 2.28-10
2021-03-12 10:56:20 status half-configured libc6-dev:amd64 2.28-10
2021-03-12 10:56:20 status installed libc6-dev:amd64 2.28-10
2021-03-12 10:56:20 configure libicu-dev:amd64 63.1-6+deb10u1 <none>
2021-03-12 10:56:20 status unpacked libicu-dev:amd64 63.1-6+deb10u1
2021-03-12 10:56:20 status half-configured libicu-dev:amd64 63.1-6+deb10u1
2021-03-12 10:56:20 status installed libicu-dev:amd64 63.1-6+deb10u1
2021-03-12 10:56:20 configure gpg:amd64 2.2.12-1+deb10u1 <none>
2021-03-12 10:56:20 status unpacked gpg:amd64 2.2.12-1+deb10u1
2021-03-12 10:56:20 status half-configured gpg:amd64 2.2.12-1+deb10u1
2021-03-12 10:56:20 status installed gpg:amd64 2.2.12-1+deb10u1
2021-03-12 10:56:20 configure libncurses-dev:amd64 6.1+20181013-2+deb10u2 <none>
2021-03-12 10:56:20 status unpacked libncurses-dev:amd64 6.1+20181013-2+deb10u2
2021-03-12 10:56:20 status half-configured libncurses-dev:amd64 6.1+20181013-2+deb10u2
2021-03-12 10:56:20 status installed libncurses-dev:amd64 6.1+20181013-2+deb10u2
2021-03-12 10:56:20 configure gcc-8:amd64 8.3.0-6 <none>
2021-03-12 10:56:20 status unpacked gcc-8:amd64 8.3.0-6
2021-03-12 10:56:20 status half-configured gcc-8:amd64 8.3.0-6
2021-03-12 10:56:20 status installed gcc-8:amd64 8.3.0-6
2021-03-12 10:56:20 configure gpg-agent:amd64 2.2.12-1+deb10u1 <none>
2021-03-12 10:56:20 status unpacked gpg-agent:amd64 2.2.12-1+deb10u1
2021-03-12 10:56:20 status half-configured gpg-agent:amd64 2.2.12-1+deb10u1
2021-03-12 10:56:20 status installed gpg-agent:amd64 2.2.12-1+deb10u1
2021-03-12 10:56:20 configure libpcre3-dev:amd64 2:8.39-12 <none>
2021-03-12 10:56:20 status unpacked libpcre3-dev:amd64 2:8.39-12
2021-03-12 10:56:20 status half-configured libpcre3-dev:amd64 2:8.39-12
2021-03-12 10:56:20 status installed libpcre3-dev:amd64 2:8.39-12
2021-03-12 10:56:20 configure gpgsm:amd64 2.2.12-1+deb10u1 <none>
2021-03-12 10:56:20 status unpacked gpgsm:amd64 2.2.12-1+deb10u1
2021-03-12 10:56:20 status half-configured gpgsm:amd64 2.2.12-1+deb10u1
2021-03-12 10:56:20 status installed gpgsm:amd64 2.2.12-1+deb10u1
2021-03-12 10:56:20 configure libreadline-dev:amd64 7.0-5 <none>
2021-03-12 10:56:20 status unpacked libreadline-dev:amd64 7.0-5
2021-03-12 10:56:20 status half-configured libreadline-dev:amd64 7.0-5
2021-03-12 10:56:20 status installed libreadline-dev:amd64 7.0-5
2021-03-12 10:56:20 configure liblua5.2-dev:amd64 5.2.4-1.1+b2 <none>
2021-03-12 10:56:20 status unpacked liblua5.2-dev:amd64 5.2.4-1.1+b2
2021-03-12 10:56:20 status half-configured liblua5.2-dev:amd64 5.2.4-1.1+b2
2021-03-12 10:56:20 status installed liblua5.2-dev:amd64 5.2.4-1.1+b2
2021-03-12 10:56:20 configure gcc:amd64 4:8.3.0-1 <none>
2021-03-12 10:56:20 status unpacked gcc:amd64 4:8.3.0-1
2021-03-12 10:56:20 status half-configured gcc:amd64 4:8.3.0-1
2021-03-12 10:56:20 status installed gcc:amd64 4:8.3.0-1
2021-03-12 10:56:20 configure dpkg-dev:all 1.19.7 <none>
2021-03-12 10:56:20 status unpacked dpkg-dev:all 1.19.7
2021-03-12 10:56:20 status half-configured dpkg-dev:all 1.19.7
2021-03-12 10:56:20 status installed dpkg-dev:all 1.19.7
2021-03-12 10:56:20 configure dirmngr:amd64 2.2.12-1+deb10u1 <none>
2021-03-12 10:56:20 status unpacked dirmngr:amd64 2.2.12-1+deb10u1
2021-03-12 10:56:20 status half-configured dirmngr:amd64 2.2.12-1+deb10u1
2021-03-12 10:56:20 status installed dirmngr:amd64 2.2.12-1+deb10u1
2021-03-12 10:56:20 configure libxml2-dev:amd64 2.9.4+dfsg1-7+deb10u1 <none>
2021-03-12 10:56:20 status unpacked libxml2-dev:amd64 2.9.4+dfsg1-7+deb10u1
2021-03-12 10:56:20 status half-configured libxml2-dev:amd64 2.9.4+dfsg1-7+deb10u1
2021-03-12 10:56:20 status installed libxml2-dev:amd64 2.9.4+dfsg1-7+deb10u1
2021-03-12 10:56:20 configure libexpat1-dev:amd64 2.2.6-2+deb10u1 <none>
2021-03-12 10:56:20 status unpacked libexpat1-dev:amd64 2.2.6-2+deb10u1
2021-03-12 10:56:20 status half-configured libexpat1-dev:amd64 2.2.6-2+deb10u1
2021-03-12 10:56:20 status installed libexpat1-dev:amd64 2.2.6-2+deb10u1
2021-03-12 10:56:20 configure libcurl4-openssl-dev:amd64 7.64.0-4+deb10u1 <none>
2021-03-12 10:56:20 status unpacked libcurl4-openssl-dev:amd64 7.64.0-4+deb10u1
2021-03-12 10:56:20 status half-configured libcurl4-openssl-dev:amd64 7.64.0-4+deb10u1
2021-03-12 10:56:20 status installed libcurl4-openssl-dev:amd64 7.64.0-4+deb10u1
2021-03-12 10:56:20 configure uuid-dev:amd64 2.33.1-0.1 <none>
2021-03-12 10:56:20 status unpacked uuid-dev:amd64 2.33.1-0.1
2021-03-12 10:56:20 status half-configured uuid-dev:amd64 2.33.1-0.1
2021-03-12 10:56:20 status installed uuid-dev:amd64 2.33.1-0.1
2021-03-12 10:56:20 configure libsctp-dev:amd64 1.0.18+dfsg-1 <none>
2021-03-12 10:56:20 status unpacked libsctp-dev:amd64 1.0.18+dfsg-1
2021-03-12 10:56:20 status half-configured libsctp-dev:amd64 1.0.18+dfsg-1
2021-03-12 10:56:20 status installed libsctp-dev:amd64 1.0.18+dfsg-1
2021-03-12 10:56:20 configure pkg-config:amd64 0.29-6 <none>
2021-03-12 10:56:20 status unpacked pkg-config:amd64 0.29-6
2021-03-12 10:56:20 status half-configured pkg-config:amd64 0.29-6
2021-03-12 10:56:20 status installed pkg-config:amd64 0.29-6
2021-03-12 10:56:20 configure gpg-wks-server:amd64 2.2.12-1+deb10u1 <none>
2021-03-12 10:56:20 status unpacked gpg-wks-server:amd64 2.2.12-1+deb10u1
2021-03-12 10:56:20 status half-configured gpg-wks-server:amd64 2.2.12-1+deb10u1
2021-03-12 10:56:20 status installed gpg-wks-server:amd64 2.2.12-1+deb10u1
2021-03-12 10:56:20 configure zlib1g-dev:amd64 1:1.2.11.dfsg-1 <none>
2021-03-12 10:56:20 status unpacked zlib1g-dev:amd64 1:1.2.11.dfsg-1
2021-03-12 10:56:20 status half-configured zlib1g-dev:amd64 1:1.2.11.dfsg-1
2021-03-12 10:56:20 status installed zlib1g-dev:amd64 1:1.2.11.dfsg-1
2021-03-12 10:56:20 configure libnghttp2-dev:amd64 1.36.0-2+deb10u1 <none>
2021-03-12 10:56:20 status unpacked libnghttp2-dev:amd64 1.36.0-2+deb10u1
2021-03-12 10:56:20 status half-configured libnghttp2-dev:amd64 1.36.0-2+deb10u1
2021-03-12 10:56:20 status installed libnghttp2-dev:amd64 1.36.0-2+deb10u1
2021-03-12 10:56:20 configure gpg-wks-client:amd64 2.2.12-1+deb10u1 <none>
2021-03-12 10:56:20 status unpacked gpg-wks-client:amd64 2.2.12-1+deb10u1
2021-03-12 10:56:20 status half-configured gpg-wks-client:amd64 2.2.12-1+deb10u1
2021-03-12 10:56:20 status installed gpg-wks-client:amd64 2.2.12-1+deb10u1
2021-03-12 10:56:20 configure libapr1-dev:amd64 1.6.5-1+b1 <none>
2021-03-12 10:56:20 status unpacked libapr1-dev:amd64 1.6.5-1+b1
2021-03-12 10:56:20 status half-configured libapr1-dev:amd64 1.6.5-1+b1
2021-03-12 10:56:20 status installed libapr1-dev:amd64 1.6.5-1+b1
2021-03-12 10:56:20 configure gnupg:all 2.2.12-1+deb10u1 <none>
2021-03-12 10:56:20 status unpacked gnupg:all 2.2.12-1+deb10u1
2021-03-12 10:56:20 status half-configured gnupg:all 2.2.12-1+deb10u1
2021-03-12 10:56:20 status installed gnupg:all 2.2.12-1+deb10u1
2021-03-12 10:56:20 configure libaprutil1-dev:amd64 1.6.1-4 <none>
2021-03-12 10:56:20 status unpacked libaprutil1-dev:amd64 1.6.1-4
2021-03-12 10:56:20 status half-configured libaprutil1-dev:amd64 1.6.1-4
2021-03-12 10:56:20 status installed libaprutil1-dev:amd64 1.6.1-4
2021-03-12 10:56:20 trigproc libc-bin:amd64 2.28-10 <none>
2021-03-12 10:56:20 status half-configured libc-bin:amd64 2.28-10
2021-03-12 10:56:20 status installed libc-bin:amd64 2.28-10
2021-03-12 10:56:20 trigproc ca-certificates:all 20200601~deb10u2 <none>
2021-03-12 10:56:20 status half-configured ca-certificates:all 20200601~deb10u2
2021-03-12 10:56:21 status installed ca-certificates:all 20200601~deb10u2
2021-03-12 11:00:10 startup packages remove
2021-03-12 11:00:10 status installed gcc:amd64 4:8.3.0-1
2021-03-12 11:00:10 remove gcc:amd64 4:8.3.0-1 <none>
2021-03-12 11:00:10 status half-configured gcc:amd64 4:8.3.0-1
2021-03-12 11:00:10 status half-installed gcc:amd64 4:8.3.0-1
2021-03-12 11:00:10 status config-files gcc:amd64 4:8.3.0-1
2021-03-12 11:00:10 status not-installed gcc:amd64 <none>
2021-03-12 11:00:10 status installed gcc-8:amd64 8.3.0-6
2021-03-12 11:00:10 remove gcc-8:amd64 8.3.0-6 <none>
2021-03-12 11:00:10 status half-configured gcc-8:amd64 8.3.0-6
2021-03-12 11:00:10 status half-installed gcc-8:amd64 8.3.0-6
2021-03-12 11:00:10 status config-files gcc-8:amd64 8.3.0-6
2021-03-12 11:00:10 status not-installed gcc-8:amd64 <none>
2021-03-12 11:00:10 status installed dpkg-dev:all 1.19.7
2021-03-12 11:00:10 remove dpkg-dev:all 1.19.7 <none>
2021-03-12 11:00:10 status half-configured dpkg-dev:all 1.19.7
2021-03-12 11:00:10 status half-installed dpkg-dev:all 1.19.7
2021-03-12 11:00:10 status config-files dpkg-dev:all 1.19.7
2021-03-12 11:00:10 status installed binutils:amd64 2.31.1-16
2021-03-12 11:00:10 remove binutils:amd64 2.31.1-16 <none>
2021-03-12 11:00:10 status half-configured binutils:amd64 2.31.1-16
2021-03-12 11:00:10 status half-installed binutils:amd64 2.31.1-16
2021-03-12 11:00:10 status config-files binutils:amd64 2.31.1-16
2021-03-12 11:00:10 status not-installed binutils:amd64 <none>
2021-03-12 11:00:10 status installed binutils-x86-64-linux-gnu:amd64 2.31.1-16
2021-03-12 11:00:10 remove binutils-x86-64-linux-gnu:amd64 2.31.1-16 <none>
2021-03-12 11:00:10 status half-configured binutils-x86-64-linux-gnu:amd64 2.31.1-16
2021-03-12 11:00:10 status half-installed binutils-x86-64-linux-gnu:amd64 2.31.1-16
2021-03-12 11:00:10 status config-files binutils-x86-64-linux-gnu:amd64 2.31.1-16
2021-03-12 11:00:10 status not-installed binutils-x86-64-linux-gnu:amd64 <none>
2021-03-12 11:00:10 status installed libbinutils:amd64 2.31.1-16
2021-03-12 11:00:10 remove libbinutils:amd64 2.31.1-16 <none>
2021-03-12 11:00:10 status triggers-pending libc-bin:amd64 2.28-10
2021-03-12 11:00:10 status half-configured libbinutils:amd64 2.31.1-16
2021-03-12 11:00:10 status half-installed libbinutils:amd64 2.31.1-16
2021-03-12 11:00:10 status config-files libbinutils:amd64 2.31.1-16
2021-03-12 11:00:10 status not-installed libbinutils:amd64 <none>
2021-03-12 11:00:10 status installed binutils-common:amd64 2.31.1-16
2021-03-12 11:00:10 remove binutils-common:amd64 2.31.1-16 <none>
2021-03-12 11:00:10 status half-configured binutils-common:amd64 2.31.1-16
2021-03-12 11:00:10 status half-installed binutils-common:amd64 2.31.1-16
2021-03-12 11:00:10 status config-files binutils-common:amd64 2.31.1-16
2021-03-12 11:00:10 status not-installed binutils-common:amd64 <none>
2021-03-12 11:00:10 status installed bzip2:amd64 1.0.6-9.2~deb10u1
2021-03-12 11:00:10 remove bzip2:amd64 1.0.6-9.2~deb10u1 <none>
2021-03-12 11:00:10 status half-configured bzip2:amd64 1.0.6-9.2~deb10u1
2021-03-12 11:00:10 status half-installed bzip2:amd64 1.0.6-9.2~deb10u1
2021-03-12 11:00:10 status config-files bzip2:amd64 1.0.6-9.2~deb10u1
2021-03-12 11:00:10 status not-installed bzip2:amd64 <none>
2021-03-12 11:00:10 status installed ca-certificates:all 20200601~deb10u2
2021-03-12 11:00:10 remove ca-certificates:all 20200601~deb10u2 <none>
2021-03-12 11:00:10 status half-configured ca-certificates:all 20200601~deb10u2
2021-03-12 11:00:10 status half-installed ca-certificates:all 20200601~deb10u2
2021-03-12 11:00:11 status config-files ca-certificates:all 20200601~deb10u2
2021-03-12 11:00:11 status installed cpp:amd64 4:8.3.0-1
2021-03-12 11:00:11 remove cpp:amd64 4:8.3.0-1 <none>
2021-03-12 11:00:11 status half-configured cpp:amd64 4:8.3.0-1
2021-03-12 11:00:11 status half-installed cpp:amd64 4:8.3.0-1
2021-03-12 11:00:11 status config-files cpp:amd64 4:8.3.0-1
2021-03-12 11:00:11 status not-installed cpp:amd64 <none>
2021-03-12 11:00:11 status installed cpp-8:amd64 8.3.0-6
2021-03-12 11:00:11 remove cpp-8:amd64 8.3.0-6 <none>
2021-03-12 11:00:11 status half-configured cpp-8:amd64 8.3.0-6
2021-03-12 11:00:11 status half-installed cpp-8:amd64 8.3.0-6
2021-03-12 11:00:11 status config-files cpp-8:amd64 8.3.0-6
2021-03-12 11:00:11 status not-installed cpp-8:amd64 <none>
2021-03-12 11:00:11 status installed gnupg:all 2.2.12-1+deb10u1
2021-03-12 11:00:11 remove gnupg:all 2.2.12-1+deb10u1 <none>
2021-03-12 11:00:11 status half-configured gnupg:all 2.2.12-1+deb10u1
2021-03-12 11:00:11 status half-installed gnupg:all 2.2.12-1+deb10u1
2021-03-12 11:00:11 status config-files gnupg:all 2.2.12-1+deb10u1
2021-03-12 11:00:11 status not-installed gnupg:all <none>
2021-03-12 11:00:11 status installed gpg-wks-client:amd64 2.2.12-1+deb10u1
2021-03-12 11:00:11 remove gpg-wks-client:amd64 2.2.12-1+deb10u1 <none>
2021-03-12 11:00:11 status half-configured gpg-wks-client:amd64 2.2.12-1+deb10u1
2021-03-12 11:00:11 status half-installed gpg-wks-client:amd64 2.2.12-1+deb10u1
2021-03-12 11:00:11 status config-files gpg-wks-client:amd64 2.2.12-1+deb10u1
2021-03-12 11:00:11 status not-installed gpg-wks-client:amd64 <none>
2021-03-12 11:00:11 status installed dirmngr:amd64 2.2.12-1+deb10u1
2021-03-12 11:00:11 remove dirmngr:amd64 2.2.12-1+deb10u1 <none>
2021-03-12 11:00:11 status half-configured dirmngr:amd64 2.2.12-1+deb10u1
2021-03-12 11:00:11 status half-installed dirmngr:amd64 2.2.12-1+deb10u1
2021-03-12 11:00:11 status config-files dirmngr:amd64 2.2.12-1+deb10u1
2021-03-12 11:00:11 status installed gnupg-l10n:all 2.2.12-1+deb10u1
2021-03-12 11:00:11 remove gnupg-l10n:all 2.2.12-1+deb10u1 <none>
2021-03-12 11:00:11 status half-configured gnupg-l10n:all 2.2.12-1+deb10u1
2021-03-12 11:00:11 status half-installed gnupg-l10n:all 2.2.12-1+deb10u1
2021-03-12 11:00:11 status config-files gnupg-l10n:all 2.2.12-1+deb10u1
2021-03-12 11:00:11 status not-installed gnupg-l10n:all <none>
2021-03-12 11:00:11 status installed gnupg-utils:amd64 2.2.12-1+deb10u1
2021-03-12 11:00:11 remove gnupg-utils:amd64 2.2.12-1+deb10u1 <none>
2021-03-12 11:00:11 status half-configured gnupg-utils:amd64 2.2.12-1+deb10u1
2021-03-12 11:00:11 status half-installed gnupg-utils:amd64 2.2.12-1+deb10u1
2021-03-12 11:00:11 status config-files gnupg-utils:amd64 2.2.12-1+deb10u1
2021-03-12 11:00:11 status not-installed gnupg-utils:amd64 <none>
2021-03-12 11:00:11 status installed gpg-wks-server:amd64 2.2.12-1+deb10u1
2021-03-12 11:00:11 remove gpg-wks-server:amd64 2.2.12-1+deb10u1 <none>
2021-03-12 11:00:11 status half-configured gpg-wks-server:amd64 2.2.12-1+deb10u1
2021-03-12 11:00:11 status half-installed gpg-wks-server:amd64 2.2.12-1+deb10u1
2021-03-12 11:00:11 status config-files gpg-wks-server:amd64 2.2.12-1+deb10u1
2021-03-12 11:00:11 status not-installed gpg-wks-server:amd64 <none>
2021-03-12 11:00:11 status installed gpg:amd64 2.2.12-1+deb10u1
2021-03-12 11:00:11 remove gpg:amd64 2.2.12-1+deb10u1 <none>
2021-03-12 11:00:11 status half-configured gpg:amd64 2.2.12-1+deb10u1
2021-03-12 11:00:11 status half-installed gpg:amd64 2.2.12-1+deb10u1
2021-03-12 11:00:11 status config-files gpg:amd64 2.2.12-1+deb10u1
2021-03-12 11:00:11 status not-installed gpg:amd64 <none>
2021-03-12 11:00:11 status installed gpg-agent:amd64 2.2.12-1+deb10u1
2021-03-12 11:00:11 remove gpg-agent:amd64 2.2.12-1+deb10u1 <none>
2021-03-12 11:00:11 status half-configured gpg-agent:amd64 2.2.12-1+deb10u1
2021-03-12 11:00:11 status half-installed gpg-agent:amd64 2.2.12-1+deb10u1
2021-03-12 11:00:11 status config-files gpg-agent:amd64 2.2.12-1+deb10u1
2021-03-12 11:00:11 status installed gpgsm:amd64 2.2.12-1+deb10u1
2021-03-12 11:00:11 remove gpgsm:amd64 2.2.12-1+deb10u1 <none>
2021-03-12 11:00:11 status half-configured gpgsm:amd64 2.2.12-1+deb10u1
2021-03-12 11:00:11 status half-installed gpgsm:amd64 2.2.12-1+deb10u1
2021-03-12 11:00:11 status config-files gpgsm:amd64 2.2.12-1+deb10u1
2021-03-12 11:00:11 status not-installed gpgsm:amd64 <none>
2021-03-12 11:00:11 status installed gpgconf:amd64 2.2.12-1+deb10u1
2021-03-12 11:00:11 remove gpgconf:amd64 2.2.12-1+deb10u1 <none>
2021-03-12 11:00:11 status half-configured gpgconf:amd64 2.2.12-1+deb10u1
2021-03-12 11:00:11 status half-installed gpgconf:amd64 2.2.12-1+deb10u1
2021-03-12 11:00:11 status config-files gpgconf:amd64 2.2.12-1+deb10u1
2021-03-12 11:00:11 status not-installed gpgconf:amd64 <none>
2021-03-12 11:00:11 status installed libxml2-dev:amd64 2.9.4+dfsg1-7+deb10u1
2021-03-12 11:00:11 remove libxml2-dev:amd64 2.9.4+dfsg1-7+deb10u1 <none>
2021-03-12 11:00:11 status half-configured libxml2-dev:amd64 2.9.4+dfsg1-7+deb10u1
2021-03-12 11:00:11 status half-installed libxml2-dev:amd64 2.9.4+dfsg1-7+deb10u1
2021-03-12 11:00:11 status config-files libxml2-dev:amd64 2.9.4+dfsg1-7+deb10u1
2021-03-12 11:00:11 status not-installed libxml2-dev:amd64 <none>
2021-03-12 11:00:11 status installed libicu-dev:amd64 63.1-6+deb10u1
2021-03-12 11:00:11 remove libicu-dev:amd64 63.1-6+deb10u1 <none>
2021-03-12 11:00:11 status half-configured libicu-dev:amd64 63.1-6+deb10u1
2021-03-12 11:00:11 status half-installed libicu-dev:amd64 63.1-6+deb10u1
2021-03-12 11:00:11 status config-files libicu-dev:amd64 63.1-6+deb10u1
2021-03-12 11:00:11 status not-installed libicu-dev:amd64 <none>
2021-03-12 11:00:11 status installed icu-devtools:amd64 63.1-6+deb10u1
2021-03-12 11:00:11 remove icu-devtools:amd64 63.1-6+deb10u1 <none>
2021-03-12 11:00:11 status half-configured icu-devtools:amd64 63.1-6+deb10u1
2021-03-12 11:00:12 status half-installed icu-devtools:amd64 63.1-6+deb10u1
2021-03-12 11:00:12 status config-files icu-devtools:amd64 63.1-6+deb10u1
2021-03-12 11:00:12 status not-installed icu-devtools:amd64 <none>
2021-03-12 11:00:12 status installed libaprutil1-dev:amd64 1.6.1-4
2021-03-12 11:00:12 remove libaprutil1-dev:amd64 1.6.1-4 <none>
2021-03-12 11:00:12 status half-configured libaprutil1-dev:amd64 1.6.1-4
2021-03-12 11:00:12 status half-installed libaprutil1-dev:amd64 1.6.1-4
2021-03-12 11:00:12 status config-files libaprutil1-dev:amd64 1.6.1-4
2021-03-12 11:00:12 status not-installed libaprutil1-dev:amd64 <none>
2021-03-12 11:00:12 status installed libapr1-dev:amd64 1.6.5-1+b1
2021-03-12 11:00:12 remove libapr1-dev:amd64 1.6.5-1+b1 <none>
2021-03-12 11:00:12 status half-configured libapr1-dev:amd64 1.6.5-1+b1
2021-03-12 11:00:12 status half-installed libapr1-dev:amd64 1.6.5-1+b1
2021-03-12 11:00:12 status config-files libapr1-dev:amd64 1.6.5-1+b1
2021-03-12 11:00:12 status not-installed libapr1-dev:amd64 <none>
2021-03-12 11:00:12 status installed libgcc-8-dev:amd64 8.3.0-6
2021-03-12 11:00:12 remove libgcc-8-dev:amd64 8.3.0-6 <none>
2021-03-12 11:00:12 status half-configured libgcc-8-dev:amd64 8.3.0-6
2021-03-12 11:00:12 status half-installed libgcc-8-dev:amd64 8.3.0-6
2021-03-12 11:00:12 status config-files libgcc-8-dev:amd64 8.3.0-6
2021-03-12 11:00:12 status not-installed libgcc-8-dev:amd64 <none>
2021-03-12 11:00:12 status installed libasan5:amd64 8.3.0-6
2021-03-12 11:00:12 remove libasan5:amd64 8.3.0-6 <none>
2021-03-12 11:00:12 status half-configured libasan5:amd64 8.3.0-6
2021-03-12 11:00:12 status half-installed libasan5:amd64 8.3.0-6
2021-03-12 11:00:12 status config-files libasan5:amd64 8.3.0-6
2021-03-12 11:00:12 status not-installed libasan5:amd64 <none>
2021-03-12 11:00:12 status installed pinentry-curses:amd64 1.1.0-2
2021-03-12 11:00:12 remove pinentry-curses:amd64 1.1.0-2 <none>
2021-03-12 11:00:12 status half-configured pinentry-curses:amd64 1.1.0-2
2021-03-12 11:00:12 status half-installed pinentry-curses:amd64 1.1.0-2
2021-03-12 11:00:12 status config-files pinentry-curses:amd64 1.1.0-2
2021-03-12 11:00:12 status not-installed pinentry-curses:amd64 <none>
2021-03-12 11:00:12 status installed libassuan0:amd64 2.5.2-1
2021-03-12 11:00:12 remove libassuan0:amd64 2.5.2-1 <none>
2021-03-12 11:00:12 status half-configured libassuan0:amd64 2.5.2-1
2021-03-12 11:00:12 status half-installed libassuan0:amd64 2.5.2-1
2021-03-12 11:00:12 status config-files libassuan0:amd64 2.5.2-1
2021-03-12 11:00:12 status not-installed libassuan0:amd64 <none>
2021-03-12 11:00:12 status installed libatomic1:amd64 8.3.0-6
2021-03-12 11:00:12 remove libatomic1:amd64 8.3.0-6 <none>
2021-03-12 11:00:12 status half-configured libatomic1:amd64 8.3.0-6
2021-03-12 11:00:12 status half-installed libatomic1:amd64 8.3.0-6
2021-03-12 11:00:12 status config-files libatomic1:amd64 8.3.0-6
2021-03-12 11:00:12 status not-installed libatomic1:amd64 <none>
2021-03-12 11:00:12 status installed libbrotli-dev:amd64 1.0.7-2+deb10u1
2021-03-12 11:00:12 remove libbrotli-dev:amd64 1.0.7-2+deb10u1 <none>
2021-03-12 11:00:12 status half-configured libbrotli-dev:amd64 1.0.7-2+deb10u1
2021-03-12 11:00:12 status half-installed libbrotli-dev:amd64 1.0.7-2+deb10u1
2021-03-12 11:00:12 status config-files libbrotli-dev:amd64 1.0.7-2+deb10u1
2021-03-12 11:00:12 status not-installed libbrotli-dev:amd64 <none>
2021-03-12 11:00:12 status installed zlib1g-dev:amd64 1:1.2.11.dfsg-1
2021-03-12 11:00:12 remove zlib1g-dev:amd64 1:1.2.11.dfsg-1 <none>
2021-03-12 11:00:12 status half-configured zlib1g-dev:amd64 1:1.2.11.dfsg-1
2021-03-12 11:00:12 status half-installed zlib1g-dev:amd64 1:1.2.11.dfsg-1
2021-03-12 11:00:12 status config-files zlib1g-dev:amd64 1:1.2.11.dfsg-1
2021-03-12 11:00:12 status not-installed zlib1g-dev:amd64 <none>
2021-03-12 11:00:12 status installed uuid-dev:amd64 2.33.1-0.1
2021-03-12 11:00:12 remove uuid-dev:amd64 2.33.1-0.1 <none>
2021-03-12 11:00:12 status half-configured uuid-dev:amd64 2.33.1-0.1
2021-03-12 11:00:12 status half-installed uuid-dev:amd64 2.33.1-0.1
2021-03-12 11:00:12 status config-files uuid-dev:amd64 2.33.1-0.1
2021-03-12 11:00:12 status not-installed uuid-dev:amd64 <none>
2021-03-12 11:00:12 status installed libsctp-dev:amd64 1.0.18+dfsg-1
2021-03-12 11:00:12 remove libsctp-dev:amd64 1.0.18+dfsg-1 <none>
2021-03-12 11:00:12 status half-configured libsctp-dev:amd64 1.0.18+dfsg-1
2021-03-12 11:00:12 status half-installed libsctp-dev:amd64 1.0.18+dfsg-1
2021-03-12 11:00:12 status config-files libsctp-dev:amd64 1.0.18+dfsg-1
2021-03-12 11:00:12 status not-installed libsctp-dev:amd64 <none>
2021-03-12 11:00:12 status installed liblua5.2-dev:amd64 5.2.4-1.1+b2
2021-03-12 11:00:12 remove liblua5.2-dev:amd64 5.2.4-1.1+b2 <none>
2021-03-12 11:00:12 status half-configured liblua5.2-dev:amd64 5.2.4-1.1+b2
2021-03-12 11:00:12 status half-installed liblua5.2-dev:amd64 5.2.4-1.1+b2
2021-03-12 11:00:12 status config-files liblua5.2-dev:amd64 5.2.4-1.1+b2
2021-03-12 11:00:12 status not-installed liblua5.2-dev:amd64 <none>
2021-03-12 11:00:12 status installed libreadline-dev:amd64 7.0-5
2021-03-12 11:00:12 remove libreadline-dev:amd64 7.0-5 <none>
2021-03-12 11:00:12 status half-configured libreadline-dev:amd64 7.0-5
2021-03-12 11:00:12 status half-installed libreadline-dev:amd64 7.0-5
2021-03-12 11:00:12 status config-files libreadline-dev:amd64 7.0-5
2021-03-12 11:00:12 status not-installed libreadline-dev:amd64 <none>
2021-03-12 11:00:12 status installed libncurses-dev:amd64 6.1+20181013-2+deb10u2
2021-03-12 11:00:12 remove libncurses-dev:amd64 6.1+20181013-2+deb10u2 <none>
2021-03-12 11:00:12 status half-configured libncurses-dev:amd64 6.1+20181013-2+deb10u2
2021-03-12 11:00:12 status half-installed libncurses-dev:amd64 6.1+20181013-2+deb10u2
2021-03-12 11:00:12 status config-files libncurses-dev:amd64 6.1+20181013-2+deb10u2
2021-03-12 11:00:12 status not-installed libncurses-dev:amd64 <none>
2021-03-12 11:00:12 status installed libc6-dev:amd64 2.28-10
2021-03-12 11:00:12 status installed libc-dev-bin:amd64 2.28-10
2021-03-12 11:00:12 status installed libcc1-0:amd64 8.3.0-6
2021-03-12 11:00:12 remove libcc1-0:amd64 8.3.0-6 <none>
2021-03-12 11:00:12 status half-configured libcc1-0:amd64 8.3.0-6
2021-03-12 11:00:12 status half-installed libcc1-0:amd64 8.3.0-6
2021-03-12 11:00:12 status config-files libcc1-0:amd64 8.3.0-6
2021-03-12 11:00:12 status not-installed libcc1-0:amd64 <none>
2021-03-12 11:00:12 status installed libcurl4-openssl-dev:amd64 7.64.0-4+deb10u1
2021-03-12 11:00:12 remove libcurl4-openssl-dev:amd64 7.64.0-4+deb10u1 <none>
2021-03-12 11:00:12 status half-configured libcurl4-openssl-dev:amd64 7.64.0-4+deb10u1
2021-03-12 11:00:12 status half-installed libcurl4-openssl-dev:amd64 7.64.0-4+deb10u1
2021-03-12 11:00:12 status config-files libcurl4-openssl-dev:amd64 7.64.0-4+deb10u1
2021-03-12 11:00:12 status not-installed libcurl4-openssl-dev:amd64 <none>
2021-03-12 11:00:12 status installed libnghttp2-dev:amd64 1.36.0-2+deb10u1
2021-03-12 11:00:12 remove libnghttp2-dev:amd64 1.36.0-2+deb10u1 <none>
2021-03-12 11:00:12 status half-configured libnghttp2-dev:amd64 1.36.0-2+deb10u1
2021-03-12 11:00:12 status half-installed libnghttp2-dev:amd64 1.36.0-2+deb10u1
2021-03-12 11:00:12 status config-files libnghttp2-dev:amd64 1.36.0-2+deb10u1
2021-03-12 11:00:12 status not-installed libnghttp2-dev:amd64 <none>
2021-03-12 11:00:12 status installed pkg-config:amd64 0.29-6
2021-03-12 11:00:12 remove pkg-config:amd64 0.29-6 <none>
2021-03-12 11:00:12 status half-configured pkg-config:amd64 0.29-6
2021-03-12 11:00:12 status half-installed pkg-config:amd64 0.29-6
2021-03-12 11:00:12 status config-files pkg-config:amd64 0.29-6
2021-03-12 11:00:12 status installed libdpkg-perl:all 1.19.7
2021-03-12 11:00:12 remove libdpkg-perl:all 1.19.7 <none>
2021-03-12 11:00:12 status half-configured libdpkg-perl:all 1.19.7
2021-03-12 11:00:12 status half-installed libdpkg-perl:all 1.19.7
2021-03-12 11:00:12 status config-files libdpkg-perl:all 1.19.7
2021-03-12 11:00:12 status not-installed libdpkg-perl:all <none>
2021-03-12 11:00:12 status installed libexpat1-dev:amd64 2.2.6-2+deb10u1
2021-03-12 11:00:12 remove libexpat1-dev:amd64 2.2.6-2+deb10u1 <none>
2021-03-12 11:00:12 status half-configured libexpat1-dev:amd64 2.2.6-2+deb10u1
2021-03-12 11:00:12 status half-installed libexpat1-dev:amd64 2.2.6-2+deb10u1
2021-03-12 11:00:12 status config-files libexpat1-dev:amd64 2.2.6-2+deb10u1
2021-03-12 11:00:12 status not-installed libexpat1-dev:amd64 <none>
2021-03-12 11:00:12 status installed perl:amd64 5.28.1-6+deb10u1
2021-03-12 11:00:12 remove perl:amd64 5.28.1-6+deb10u1 <none>
2021-03-12 11:00:12 status half-configured perl:amd64 5.28.1-6+deb10u1
2021-03-12 11:00:12 status half-installed perl:amd64 5.28.1-6+deb10u1
2021-03-12 11:00:12 status config-files perl:amd64 5.28.1-6+deb10u1
2021-03-12 11:00:12 status installed libperl5.28:amd64 5.28.1-6+deb10u1
2021-03-12 11:00:12 remove libperl5.28:amd64 5.28.1-6+deb10u1 <none>
2021-03-12 11:00:12 status half-configured libperl5.28:amd64 5.28.1-6+deb10u1
2021-03-12 11:00:12 status half-installed libperl5.28:amd64 5.28.1-6+deb10u1
2021-03-12 11:00:12 status config-files libperl5.28:amd64 5.28.1-6+deb10u1
2021-03-12 11:00:12 status not-installed libperl5.28:amd64 <none>
2021-03-12 11:00:12 status installed libgdbm-compat4:amd64 1.18.1-4
2021-03-12 11:00:12 remove libgdbm-compat4:amd64 1.18.1-4 <none>
2021-03-12 11:00:12 status half-configured libgdbm-compat4:amd64 1.18.1-4
2021-03-12 11:00:12 status half-installed libgdbm-compat4:amd64 1.18.1-4
2021-03-12 11:00:12 status config-files libgdbm-compat4:amd64 1.18.1-4
2021-03-12 11:00:12 status not-installed libgdbm-compat4:amd64 <none>
2021-03-12 11:00:12 status installed libglib2.0-0:amd64 2.58.3-2+deb10u2
2021-03-12 11:00:12 remove libglib2.0-0:amd64 2.58.3-2+deb10u2 <none>
2021-03-12 11:00:12 status half-configured libglib2.0-0:amd64 2.58.3-2+deb10u2
2021-03-12 11:00:12 status half-installed libglib2.0-0:amd64 2.58.3-2+deb10u2
2021-03-12 11:00:12 status config-files libglib2.0-0:amd64 2.58.3-2+deb10u2
2021-03-12 11:00:12 status installed libgomp1:amd64 8.3.0-6
2021-03-12 11:00:12 remove libgomp1:amd64 8.3.0-6 <none>
2021-03-12 11:00:12 status half-configured libgomp1:amd64 8.3.0-6
2021-03-12 11:00:12 status half-installed libgomp1:amd64 8.3.0-6
2021-03-12 11:00:12 status config-files libgomp1:amd64 8.3.0-6
2021-03-12 11:00:12 status not-installed libgomp1:amd64 <none>
2021-03-12 11:00:12 status installed libisl19:amd64 0.20-2
2021-03-12 11:00:12 remove libisl19:amd64 0.20-2 <none>
2021-03-12 11:00:12 status half-configured libisl19:amd64 0.20-2
2021-03-12 11:00:12 status half-installed libisl19:amd64 0.20-2
2021-03-12 11:00:12 status config-files libisl19:amd64 0.20-2
2021-03-12 11:00:12 status not-installed libisl19:amd64 <none>
2021-03-12 11:00:12 status installed libitm1:amd64 8.3.0-6
2021-03-12 11:00:12 remove libitm1:amd64 8.3.0-6 <none>
2021-03-12 11:00:12 status half-configured libitm1:amd64 8.3.0-6
2021-03-12 11:00:12 status half-installed libitm1:amd64 8.3.0-6
2021-03-12 11:00:12 status config-files libitm1:amd64 8.3.0-6
2021-03-12 11:00:12 status not-installed libitm1:amd64 <none>
2021-03-12 11:00:12 status installed libjansson-dev:amd64 2.12-1
2021-03-12 11:00:12 remove libjansson-dev:amd64 2.12-1 <none>
2021-03-12 11:00:12 status half-configured libjansson-dev:amd64 2.12-1
2021-03-12 11:00:12 status half-installed libjansson-dev:amd64 2.12-1
2021-03-12 11:00:12 status config-files libjansson-dev:amd64 2.12-1
2021-03-12 11:00:12 status not-installed libjansson-dev:amd64 <none>
2021-03-12 11:00:12 status installed libksba8:amd64 1.3.5-2
2021-03-12 11:00:12 remove libksba8:amd64 1.3.5-2 <none>
2021-03-12 11:00:12 status half-configured libksba8:amd64 1.3.5-2
2021-03-12 11:00:12 status half-installed libksba8:amd64 1.3.5-2
2021-03-12 11:00:12 status config-files libksba8:amd64 1.3.5-2
2021-03-12 11:00:12 status not-installed libksba8:amd64 <none>
2021-03-12 11:00:13 status installed libldap2-dev:amd64 2.4.47+dfsg-3+deb10u6
2021-03-12 11:00:13 remove libldap2-dev:amd64 2.4.47+dfsg-3+deb10u6 <none>
2021-03-12 11:00:13 status half-configured libldap2-dev:amd64 2.4.47+dfsg-3+deb10u6
2021-03-12 11:00:13 status half-installed libldap2-dev:amd64 2.4.47+dfsg-3+deb10u6
2021-03-12 11:00:13 status config-files libldap2-dev:amd64 2.4.47+dfsg-3+deb10u6
2021-03-12 11:00:13 status not-installed libldap2-dev:amd64 <none>
2021-03-12 11:00:13 status installed liblsan0:amd64 8.3.0-6
2021-03-12 11:00:13 remove liblsan0:amd64 8.3.0-6 <none>
2021-03-12 11:00:13 status half-configured liblsan0:amd64 8.3.0-6
2021-03-12 11:00:13 status half-installed liblsan0:amd64 8.3.0-6
2021-03-12 11:00:13 status config-files liblsan0:amd64 8.3.0-6
2021-03-12 11:00:13 status not-installed liblsan0:amd64 <none>
2021-03-12 11:00:13 status installed libmpc3:amd64 1.1.0-1
2021-03-12 11:00:13 remove libmpc3:amd64 1.1.0-1 <none>
2021-03-12 11:00:13 status half-configured libmpc3:amd64 1.1.0-1
2021-03-12 11:00:13 status half-installed libmpc3:amd64 1.1.0-1
2021-03-12 11:00:13 status config-files libmpc3:amd64 1.1.0-1
2021-03-12 11:00:13 status not-installed libmpc3:amd64 <none>
2021-03-12 11:00:13 status installed libmpfr6:amd64 4.0.2-1
2021-03-12 11:00:13 remove libmpfr6:amd64 4.0.2-1 <none>
2021-03-12 11:00:13 status half-configured libmpfr6:amd64 4.0.2-1
2021-03-12 11:00:13 status half-installed libmpfr6:amd64 4.0.2-1
2021-03-12 11:00:13 status config-files libmpfr6:amd64 4.0.2-1
2021-03-12 11:00:13 status not-installed libmpfr6:amd64 <none>
2021-03-12 11:00:13 status installed libmpx2:amd64 8.3.0-6
2021-03-12 11:00:13 remove libmpx2:amd64 8.3.0-6 <none>
2021-03-12 11:00:13 status half-configured libmpx2:amd64 8.3.0-6
2021-03-12 11:00:13 status half-installed libmpx2:amd64 8.3.0-6
2021-03-12 11:00:13 status config-files libmpx2:amd64 8.3.0-6
2021-03-12 11:00:13 status not-installed libmpx2:amd64 <none>
2021-03-12 11:00:13 status installed libncurses6:amd64 6.1+20181013-2+deb10u2
2021-03-12 11:00:13 remove libncurses6:amd64 6.1+20181013-2+deb10u2 <none>
2021-03-12 11:00:13 status half-configured libncurses6:amd64 6.1+20181013-2+deb10u2
2021-03-12 11:00:13 status half-installed libncurses6:amd64 6.1+20181013-2+deb10u2
2021-03-12 11:00:13 status config-files libncurses6:amd64 6.1+20181013-2+deb10u2
2021-03-12 11:00:13 status not-installed libncurses6:amd64 <none>
2021-03-12 11:00:13 status installed libnpth0:amd64 1.6-1
2021-03-12 11:00:13 remove libnpth0:amd64 1.6-1 <none>
2021-03-12 11:00:13 status half-configured libnpth0:amd64 1.6-1
2021-03-12 11:00:13 status half-installed libnpth0:amd64 1.6-1
2021-03-12 11:00:13 status config-files libnpth0:amd64 1.6-1
2021-03-12 11:00:13 status not-installed libnpth0:amd64 <none>
2021-03-12 11:00:13 status installed libpcre3-dev:amd64 2:8.39-12
2021-03-12 11:00:13 remove libpcre3-dev:amd64 2:8.39-12 <none>
2021-03-12 11:00:13 status half-configured libpcre3-dev:amd64 2:8.39-12
2021-03-12 11:00:13 status half-installed libpcre3-dev:amd64 2:8.39-12
2021-03-12 11:00:13 status config-files libpcre3-dev:amd64 2:8.39-12
2021-03-12 11:00:13 status not-installed libpcre3-dev:amd64 <none>
2021-03-12 11:00:13 status installed libpcre16-3:amd64 2:8.39-12
2021-03-12 11:00:13 remove libpcre16-3:amd64 2:8.39-12 <none>
2021-03-12 11:00:13 status half-configured libpcre16-3:amd64 2:8.39-12
2021-03-12 11:00:13 status half-installed libpcre16-3:amd64 2:8.39-12
2021-03-12 11:00:13 status config-files libpcre16-3:amd64 2:8.39-12
2021-03-12 11:00:13 status not-installed libpcre16-3:amd64 <none>
2021-03-12 11:00:13 status installed wget:amd64 1.20.1-1.1
2021-03-12 11:00:13 remove wget:amd64 1.20.1-1.1 <none>
2021-03-12 11:00:13 status half-configured wget:amd64 1.20.1-1.1
2021-03-12 11:00:13 status half-installed wget:amd64 1.20.1-1.1
2021-03-12 11:00:13 status config-files wget:amd64 1.20.1-1.1
2021-03-12 11:00:13 status installed libpcre2-8-0:amd64 10.32-5
2021-03-12 11:00:13 remove libpcre2-8-0:amd64 10.32-5 <none>
2021-03-12 11:00:13 status half-configured libpcre2-8-0:amd64 10.32-5
2021-03-12 11:00:13 status half-installed libpcre2-8-0:amd64 10.32-5
2021-03-12 11:00:13 status config-files libpcre2-8-0:amd64 10.32-5
2021-03-12 11:00:13 status not-installed libpcre2-8-0:amd64 <none>
2021-03-12 11:00:13 status installed libpcre32-3:amd64 2:8.39-12
2021-03-12 11:00:13 remove libpcre32-3:amd64 2:8.39-12 <none>
2021-03-12 11:00:13 status half-configured libpcre32-3:amd64 2:8.39-12
2021-03-12 11:00:13 status half-installed libpcre32-3:amd64 2:8.39-12
2021-03-12 11:00:13 status config-files libpcre32-3:amd64 2:8.39-12
2021-03-12 11:00:13 status not-installed libpcre32-3:amd64 <none>
2021-03-12 11:00:13 status installed libpcrecpp0v5:amd64 2:8.39-12
2021-03-12 11:00:13 remove libpcrecpp0v5:amd64 2:8.39-12 <none>
2021-03-12 11:00:13 status half-configured libpcrecpp0v5:amd64 2:8.39-12
2021-03-12 11:00:13 status half-installed libpcrecpp0v5:amd64 2:8.39-12
2021-03-12 11:00:13 status config-files libpcrecpp0v5:amd64 2:8.39-12
2021-03-12 11:00:13 status not-installed libpcrecpp0v5:amd64 <none>
2021-03-12 11:00:13 status installed libquadmath0:amd64 8.3.0-6
2021-03-12 11:00:13 remove libquadmath0:amd64 8.3.0-6 <none>
2021-03-12 11:00:13 status half-configured libquadmath0:amd64 8.3.0-6
2021-03-12 11:00:13 status half-installed libquadmath0:amd64 8.3.0-6
2021-03-12 11:00:13 status config-files libquadmath0:amd64 8.3.0-6
2021-03-12 11:00:13 status not-installed libquadmath0:amd64 <none>
2021-03-12 11:00:13 status installed libreadline7:amd64 7.0-5
2021-03-12 11:00:13 remove libreadline7:amd64 7.0-5 <none>
2021-03-12 11:00:13 status half-configured libreadline7:amd64 7.0-5
2021-03-12 11:00:13 status half-installed libreadline7:amd64 7.0-5
2021-03-12 11:00:13 status config-files libreadline7:amd64 7.0-5
2021-03-12 11:00:13 status not-installed libreadline7:amd64 <none>
2021-03-12 11:00:13 status installed libsctp1:amd64 1.0.18+dfsg-1
2021-03-12 11:00:13 remove libsctp1:amd64 1.0.18+dfsg-1 <none>
2021-03-12 11:00:13 status half-configured libsctp1:amd64 1.0.18+dfsg-1
2021-03-12 11:00:13 status half-installed libsctp1:amd64 1.0.18+dfsg-1
2021-03-12 11:00:13 status config-files libsctp1:amd64 1.0.18+dfsg-1
2021-03-12 11:00:13 status not-installed libsctp1:amd64 <none>
2021-03-12 11:00:13 status installed libsqlite3-0:amd64 3.27.2-3+deb10u1
2021-03-12 11:00:13 remove libsqlite3-0:amd64 3.27.2-3+deb10u1 <none>
2021-03-12 11:00:13 status half-configured libsqlite3-0:amd64 3.27.2-3+deb10u1
2021-03-12 11:00:13 status half-installed libsqlite3-0:amd64 3.27.2-3+deb10u1
2021-03-12 11:00:13 status config-files libsqlite3-0:amd64 3.27.2-3+deb10u1
2021-03-12 11:00:13 status not-installed libsqlite3-0:amd64 <none>
2021-03-12 11:00:13 status installed libssl-dev:amd64 1.1.1d-0+deb10u5
2021-03-12 11:00:13 remove libssl-dev:amd64 1.1.1d-0+deb10u5 <none>
2021-03-12 11:00:13 status half-configured libssl-dev:amd64 1.1.1d-0+deb10u5
2021-03-12 11:00:13 status half-installed libssl-dev:amd64 1.1.1d-0+deb10u5
2021-03-12 11:00:13 status config-files libssl-dev:amd64 1.1.1d-0+deb10u5
2021-03-12 11:00:13 status not-installed libssl-dev:amd64 <none>
2021-03-12 11:00:13 status installed libtsan0:amd64 8.3.0-6
2021-03-12 11:00:13 remove libtsan0:amd64 8.3.0-6 <none>
2021-03-12 11:00:13 status half-configured libtsan0:amd64 8.3.0-6
2021-03-12 11:00:13 status half-installed libtsan0:amd64 8.3.0-6
2021-03-12 11:00:13 status config-files libtsan0:amd64 8.3.0-6
2021-03-12 11:00:13 status not-installed libtsan0:amd64 <none>
2021-03-12 11:00:13 status installed libubsan1:amd64 8.3.0-6
2021-03-12 11:00:13 remove libubsan1:amd64 8.3.0-6 <none>
2021-03-12 11:00:13 status half-configured libubsan1:amd64 8.3.0-6
2021-03-12 11:00:13 status half-installed libubsan1:amd64 8.3.0-6
2021-03-12 11:00:13 status config-files libubsan1:amd64 8.3.0-6
2021-03-12 11:00:13 status not-installed libubsan1:amd64 <none>
2021-03-12 11:00:13 status installed linux-libc-dev:amd64 4.19.171-2
2021-03-12 11:00:13 status installed make:amd64 4.2.1-1.2
2021-03-12 11:00:13 remove make:amd64 4.2.1-1.2 <none>
2021-03-12 11:00:13 status half-configured make:amd64 4.2.1-1.2
2021-03-12 11:00:13 status half-installed make:amd64 4.2.1-1.2
2021-03-12 11:00:13 status config-files make:amd64 4.2.1-1.2
2021-03-12 11:00:13 status not-installed make:amd64 <none>
2021-03-12 11:00:13 status installed openssl:amd64 1.1.1d-0+deb10u5
2021-03-12 11:00:13 remove openssl:amd64 1.1.1d-0+deb10u5 <none>
2021-03-12 11:00:13 status half-configured openssl:amd64 1.1.1d-0+deb10u5
2021-03-12 11:00:13 status half-installed openssl:amd64 1.1.1d-0+deb10u5
2021-03-12 11:00:13 status config-files openssl:amd64 1.1.1d-0+deb10u5
2021-03-12 11:00:13 status installed patch:amd64 2.7.6-3+deb10u1
2021-03-12 11:00:13 remove patch:amd64 2.7.6-3+deb10u1 <none>
2021-03-12 11:00:13 status half-configured patch:amd64 2.7.6-3+deb10u1
2021-03-12 11:00:13 status half-installed patch:amd64 2.7.6-3+deb10u1
2021-03-12 11:00:13 status config-files patch:amd64 2.7.6-3+deb10u1
2021-03-12 11:00:13 status not-installed patch:amd64 <none>
2021-03-12 11:00:13 status installed perl-modules-5.28:all 5.28.1-6+deb10u1
2021-03-12 11:00:13 remove perl-modules-5.28:all 5.28.1-6+deb10u1 <none>
2021-03-12 11:00:13 status half-configured perl-modules-5.28:all 5.28.1-6+deb10u1
2021-03-12 11:00:13 status half-installed perl-modules-5.28:all 5.28.1-6+deb10u1
2021-03-12 11:00:13 status config-files perl-modules-5.28:all 5.28.1-6+deb10u1
2021-03-12 11:00:13 status not-installed perl-modules-5.28:all <none>
2021-03-12 11:00:13 status installed readline-common:all 7.0-5
2021-03-12 11:00:13 remove readline-common:all 7.0-5 <none>
2021-03-12 11:00:13 status half-configured readline-common:all 7.0-5
2021-03-12 11:00:13 status half-installed readline-common:all 7.0-5
2021-03-12 11:00:13 status config-files readline-common:all 7.0-5
2021-03-12 11:00:13 status installed xz-utils:amd64 5.2.4-1
2021-03-12 11:00:13 remove xz-utils:amd64 5.2.4-1 <none>
2021-03-12 11:00:13 status half-configured xz-utils:amd64 5.2.4-1
2021-03-12 11:00:13 status half-installed xz-utils:amd64 5.2.4-1
2021-03-12 11:00:13 status config-files xz-utils:amd64 5.2.4-1
2021-03-12 11:00:13 status not-installed xz-utils:amd64 <none>
2021-03-12 11:00:13 remove libc6-dev:amd64 2.28-10 <none>
2021-03-12 11:00:13 status half-configured libc6-dev:amd64 2.28-10
2021-03-12 11:00:13 status half-installed libc6-dev:amd64 2.28-10
2021-03-12 11:00:13 status config-files libc6-dev:amd64 2.28-10
2021-03-12 11:00:13 status not-installed libc6-dev:amd64 <none>
2021-03-12 11:00:13 remove libc-dev-bin:amd64 2.28-10 <none>
2021-03-12 11:00:13 status half-configured libc-dev-bin:amd64 2.28-10
2021-03-12 11:00:13 status half-installed libc-dev-bin:amd64 2.28-10
2021-03-12 11:00:13 status config-files libc-dev-bin:amd64 2.28-10
2021-03-12 11:00:13 status not-installed libc-dev-bin:amd64 <none>
2021-03-12 11:00:13 remove linux-libc-dev:amd64 4.19.171-2 <none>
2021-03-12 11:00:13 status half-configured linux-libc-dev:amd64 4.19.171-2
2021-03-12 11:00:13 status half-installed linux-libc-dev:amd64 4.19.171-2
2021-03-12 11:00:13 status config-files linux-libc-dev:amd64 4.19.171-2
2021-03-12 11:00:13 status not-installed linux-libc-dev:amd64 <none>
2021-03-12 11:00:13 startup packages configure
2021-03-12 11:00:13 trigproc libc-bin:amd64 2.28-10 <none>
2021-03-12 11:00:13 status half-configured libc-bin:amd64 2.28-10
2021-03-12 11:00:14 status installed libc-bin:amd64 2.28-10
2021-03-12 11:00:14 startup packages purge
2021-03-12 11:00:14 purge gpg-agent:amd64 2.2.12-1+deb10u1 <none>
2021-03-12 11:00:14 status config-files gpg-agent:amd64 2.2.12-1+deb10u1
2021-03-12 11:00:14 status not-installed gpg-agent:amd64 <none>
2021-03-12 11:00:14 purge wget:amd64 1.20.1-1.1 <none>
2021-03-12 11:00:14 status config-files wget:amd64 1.20.1-1.1
2021-03-12 11:00:14 status not-installed wget:amd64 <none>
2021-03-12 11:00:14 purge libglib2.0-0:amd64 2.58.3-2+deb10u2 <none>
2021-03-12 11:00:14 status config-files libglib2.0-0:amd64 2.58.3-2+deb10u2
2021-03-12 11:00:14 status not-installed libglib2.0-0:amd64 <none>
2021-03-12 11:00:14 purge dpkg-dev:all 1.19.7 <none>
2021-03-12 11:00:14 status config-files dpkg-dev:all 1.19.7
2021-03-12 11:00:14 status not-installed dpkg-dev:all <none>
2021-03-12 11:00:14 purge dirmngr:amd64 2.2.12-1+deb10u1 <none>
2021-03-12 11:00:14 status config-files dirmngr:amd64 2.2.12-1+deb10u1
2021-03-12 11:00:14 status not-installed dirmngr:amd64 <none>
2021-03-12 11:00:14 purge ca-certificates:all 20200601~deb10u2 <none>
2021-03-12 11:00:14 status config-files ca-certificates:all 20200601~deb10u2
2021-03-12 11:00:14 status not-installed ca-certificates:all <none>
2021-03-12 11:00:14 purge perl:amd64 5.28.1-6+deb10u1 <none>
2021-03-12 11:00:14 status config-files perl:amd64 5.28.1-6+deb10u1
2021-03-12 11:00:14 status not-installed perl:amd64 <none>
2021-03-12 11:00:14 purge pkg-config:amd64 0.29-6 <none>
2021-03-12 11:00:14 status config-files pkg-config:amd64 0.29-6
2021-03-12 11:00:14 status not-installed pkg-config:amd64 <none>
2021-03-12 11:00:14 purge openssl:amd64 1.1.1d-0+deb10u5 <none>
2021-03-12 11:00:14 status config-files openssl:amd64 1.1.1d-0+deb10u5
2021-03-12 11:00:14 status not-installed openssl:amd64 <none>
2021-03-12 11:00:14 purge readline-common:all 7.0-5 <none>
2021-03-12 11:00:14 status config-files readline-common:all 7.0-5
2021-03-12 11:00:14 status not-installed readline-common:all <none>
2021-03-12 11:00:14 startup packages configure
